2026-03-21 12:28:08.968 [2829334] [app] [INFO ] [logging.init] run logger initialized: file=logs/21-03-26/run-063/run.log run=63 day=logs/21-03-26
2026-03-21 12:28:08.968 [2829334] [app] [INFO ] [app.main] launcher init: run=63 log_file=logs/21-03-26/run-063/run.log
2026-03-21 12:28:08.968 [2829334] [app] [INFO ] [app.main] resolved mod_source=mods/shell-quest/
2026-03-21 12:28:08.968 [2829334] [app] [DEBUG] [app.main] engine config: dev=true sound_server=false sound_server_cmd=<default>
2026-03-21 12:28:08.969 [2829334] [app] [INFO ] [app.main] engine initialized: mod_source=mods/shell-quest/
2026-03-21 12:28:08.969 [2829334] [app] [INFO ] [engine.run] starting engine run: mod_source=mods/shell-quest/ entrypoint=/scenes/00-intro-logo/scene.yml dev=true sound_server=false
2026-03-21 12:28:09.827 [2829334] [app] [INFO ] [engine.scene] loaded entry scene: id=00.intro.logo title=00 Intro Logo
2026-03-21 12:28:30.696 [2829334] [app] [INFO ] [engine.scene] transition requested: to=01.intro.date
2026-03-21 12:28:30.699 [2829334] [app] [INFO ] [engine.scene] transition applied: active_scene=01.intro.date title=01 Intro Date
2026-03-21 12:28:32.659 [2829334] [app] [INFO ] [engine.scene] transition requested: to=02.intro.boot
2026-03-21 12:28:32.661 [2829334] [app] [INFO ] [engine.scene] transition applied: active_scene=02.intro.boot title=02 Intro Boot
2026-03-21 12:28:34.941 [2829334] [app] [INFO ] [engine.scene] transition requested: to=intro-lab-enter
2026-03-21 12:28:34.943 [2829334] [app] [INFO ] [engine.scene] transition applied: active_scene=intro-lab-enter title=Intro Lab Enter
2026-03-21 12:28:35.231 [2829334] [app] [INFO ] [engine.scene] transition requested: to=intro-difficulty-select
2026-03-21 12:28:35.241 [2829334] [app] [INFO ] [engine.scene] transition applied: active_scene=intro-difficulty-select title=Intro Difficulty Select
2026-03-21 12:28:36.944 [2829334] [app] [INFO ] [engine.scene] transition requested: to=intro-cpu-on
2026-03-21 12:28:36.950 [2829334] [app] [INFO ] [engine.scene] transition applied: active_scene=intro-cpu-on title=Intro CPU On
2026-03-21 12:28:47.316 [2829334] [app] [INFO ] [engine.scene] transition requested: to=intro-login
2026-03-21 12:28:47.318 [2829334] [app] [INFO ] [engine.scene] transition applied: active_scene=intro-login title=Intro Login
2026-03-21 12:32:00.676 [2829334] [app] [INFO ] [engine.hot-reload] reloaded active scene in debug mode: id=intro-login
