2026-03-21 00:44:12.114 [2699072] [app] [INFO ] [logging.init] run logger initialized: file=logs/21-03-26/run-012/run.log run=12 day=logs/21-03-26
2026-03-21 00:44:12.114 [2699072] [app] [INFO ] [app.main] launcher init: run=12 log_file=logs/21-03-26/run-012/run.log
2026-03-21 00:44:12.114 [2699072] [app] [INFO ] [app.main] resolved mod_source=mods/shell-quest/
2026-03-21 00:44:12.114 [2699072] [app] [DEBUG] [app.main] engine config: dev=true sound_server=false sound_server_cmd=<default>
2026-03-21 00:44:12.114 [2699072] [app] [INFO ] [app.main] engine initialized: mod_source=mods/shell-quest/
2026-03-21 00:44:12.115 [2699072] [app] [INFO ] [engine.run] starting engine run: mod_source=mods/shell-quest/ entrypoint=/scenes/00-intro-logo/scene.yml dev=true sound_server=false
2026-03-21 00:44:13.033 [2699072] [app] [INFO ] [engine.scene] loaded entry scene: id=00.intro.logo title=00 Intro Logo
2026-03-21 00:44:22.623 [2699072] [app] [INFO ] [engine.scene] transition requested: to=01.intro.date
2026-03-21 00:44:22.625 [2699072] [app] [INFO ] [engine.scene] transition applied: active_scene=01.intro.date title=01 Intro Date
2026-03-21 00:44:23.735 [2699072] [app] [INFO ] [engine.scene] transition requested: to=02.intro.boot
2026-03-21 00:44:23.736 [2699072] [app] [INFO ] [engine.scene] transition applied: active_scene=02.intro.boot title=02 Intro Boot
2026-03-21 00:44:25.205 [2699072] [app] [INFO ] [engine.scene] transition requested: to=intro-lab-enter
2026-03-21 00:44:25.206 [2699072] [app] [INFO ] [engine.scene] transition applied: active_scene=intro-lab-enter title=Intro Lab Enter
2026-03-21 00:44:25.495 [2699072] [app] [INFO ] [engine.scene] transition requested: to=intro-difficulty-select
2026-03-21 00:44:25.501 [2699072] [app] [INFO ] [engine.scene] transition applied: active_scene=intro-difficulty-select title=Intro Difficulty Select
2026-03-21 00:44:29.019 [2699072] [app] [INFO ] [engine.scene] transition requested: to=intro-cpu-on
2026-03-21 00:44:29.024 [2699072] [app] [INFO ] [engine.scene] transition applied: active_scene=intro-cpu-on title=Intro CPU On
2026-03-21 00:44:38.739 [2699072] [app] [INFO ] [engine.scene] transition requested: to=intro-login
2026-03-21 00:44:38.741 [2699072] [app] [INFO ] [engine.scene] transition applied: active_scene=intro-login title=Intro Login
2026-03-21 00:45:13.261 [2699072] [app] [INFO ] [engine.scene] transition requested: to=mainmenu
2026-03-21 00:45:13.263 [2699072] [app] [INFO ] [engine.scene] transition applied: active_scene=mainmenu title=Main Menu
