2026-03-21 06:19:22.350 [2810794] [app] [INFO ] [logging.init] run logger initialized: file=logs/21-03-26/run-056/run.log run=56 day=logs/21-03-26
2026-03-21 06:19:22.350 [2810794] [app] [INFO ] [app.main] launcher init: run=56 log_file=logs/21-03-26/run-056/run.log
2026-03-21 06:19:22.350 [2810794] [app] [INFO ] [app.main] resolved mod_source=mods/shell-quest/
2026-03-21 06:19:22.350 [2810794] [app] [DEBUG] [app.main] engine config: dev=true sound_server=false sound_server_cmd=<default>
2026-03-21 06:19:22.350 [2810794] [app] [INFO ] [app.main] engine initialized: mod_source=mods/shell-quest/
2026-03-21 06:19:22.350 [2810794] [app] [INFO ] [engine.run] starting engine run: mod_source=mods/shell-quest/ entrypoint=/scenes/00-intro-logo/scene.yml dev=true sound_server=false
2026-03-21 06:19:23.262 [2810794] [app] [INFO ] [engine.scene] loaded entry scene: id=00.intro.logo title=00 Intro Logo
2026-03-21 06:19:37.726 [2810794] [app] [INFO ] [engine.scene] transition requested: to=01.intro.date
2026-03-21 06:19:37.728 [2810794] [app] [INFO ] [engine.scene] transition applied: active_scene=01.intro.date title=01 Intro Date
2026-03-21 06:19:43.948 [2810794] [app] [INFO ] [engine.scene] transition requested: to=02.intro.boot
2026-03-21 06:19:43.950 [2810794] [app] [INFO ] [engine.scene] transition applied: active_scene=02.intro.boot title=02 Intro Boot
2026-03-21 06:19:44.584 [2810794] [app] [INFO ] [engine.scene] transition requested: to=intro-lab-enter
2026-03-21 06:19:44.585 [2810794] [app] [INFO ] [engine.scene] transition applied: active_scene=intro-lab-enter title=Intro Lab Enter
2026-03-21 06:19:44.873 [2810794] [app] [INFO ] [engine.scene] transition requested: to=intro-difficulty-select
2026-03-21 06:19:44.882 [2810794] [app] [INFO ] [engine.scene] transition applied: active_scene=intro-difficulty-select title=Intro Difficulty Select
2026-03-21 06:19:45.554 [2810794] [app] [INFO ] [engine.scene] transition requested: to=intro-cpu-on
2026-03-21 06:19:45.559 [2810794] [app] [INFO ] [engine.scene] transition applied: active_scene=intro-cpu-on title=Intro CPU On
2026-03-21 06:19:57.323 [2810794] [app] [INFO ] [engine.scene] transition requested: to=intro-login
2026-03-21 06:19:57.325 [2810794] [app] [INFO ] [engine.scene] transition applied: active_scene=intro-login title=Intro Login
2026-03-21 06:20:31.922 [2810794] [app] [INFO ] [engine.run] engine loop exited cleanly
2026-03-21 06:20:31.922 [2810794] [app] [INFO ] [app.main] engine run finished successfully
