2026-03-21 01:31:56.548 [2707126] [app] [INFO ] [logging.init] run logger initialized: file=logs/21-03-26/run-016/run.log run=16 day=logs/21-03-26
2026-03-21 01:31:56.548 [2707126] [app] [INFO ] [app.main] launcher init: run=16 log_file=logs/21-03-26/run-016/run.log
2026-03-21 01:31:56.548 [2707126] [app] [INFO ] [app.main] resolved mod_source=mods/shell-quest/
2026-03-21 01:31:56.548 [2707126] [app] [DEBUG] [app.main] engine config: dev=true sound_server=false sound_server_cmd=<default>
2026-03-21 01:31:56.548 [2707126] [app] [INFO ] [app.main] engine initialized: mod_source=mods/shell-quest/
2026-03-21 01:31:56.548 [2707126] [app] [INFO ] [engine.run] starting engine run: mod_source=mods/shell-quest/ entrypoint=/scenes/00-intro-logo/scene.yml dev=true sound_server=false
2026-03-21 01:31:57.421 [2707126] [app] [INFO ] [engine.scene] loaded entry scene: id=00.intro.logo title=00 Intro Logo
2026-03-21 01:32:08.551 [2707126] [app] [INFO ] [engine.scene] transition requested: to=01.intro.date
2026-03-21 01:32:08.553 [2707126] [app] [INFO ] [engine.scene] transition applied: active_scene=01.intro.date title=01 Intro Date
2026-03-21 01:32:09.662 [2707126] [app] [INFO ] [engine.scene] transition requested: to=02.intro.boot
2026-03-21 01:32:09.663 [2707126] [app] [INFO ] [engine.scene] transition applied: active_scene=02.intro.boot title=02 Intro Boot
2026-03-21 01:32:11.149 [2707126] [app] [INFO ] [engine.scene] transition requested: to=intro-lab-enter
2026-03-21 01:32:11.150 [2707126] [app] [INFO ] [engine.scene] transition applied: active_scene=intro-lab-enter title=Intro Lab Enter
2026-03-21 01:32:11.439 [2707126] [app] [INFO ] [engine.scene] transition requested: to=intro-difficulty-select
2026-03-21 01:32:11.445 [2707126] [app] [INFO ] [engine.scene] transition applied: active_scene=intro-difficulty-select title=Intro Difficulty Select
2026-03-21 01:32:42.514 [2707126] [app] [INFO ] [engine.scene] transition requested: to=intro-cpu-on
2026-03-21 01:32:42.519 [2707126] [app] [INFO ] [engine.scene] transition applied: active_scene=intro-cpu-on title=Intro CPU On
2026-03-21 01:32:52.078 [2707126] [app] [INFO ] [engine.scene] transition requested: to=intro-login
2026-03-21 01:32:52.080 [2707126] [app] [INFO ] [engine.scene] transition applied: active_scene=intro-login title=Intro Login
2026-03-21 01:46:00.904 [2707126] [app] [INFO ] [engine.run] engine loop exited cleanly
2026-03-21 01:46:00.904 [2707126] [app] [INFO ] [app.main] engine run finished successfully
