2026-03-21 05:21:44.117 [2793861] [app] [INFO ] [logging.init] run logger initialized: file=logs/21-03-26/run-044/run.log run=44 day=logs/21-03-26
2026-03-21 05:21:44.117 [2793861] [app] [INFO ] [app.main] launcher init: run=44 log_file=logs/21-03-26/run-044/run.log
2026-03-21 05:21:44.117 [2793861] [app] [INFO ] [app.main] resolved mod_source=mods/shell-quest/
2026-03-21 05:21:44.117 [2793861] [app] [DEBUG] [app.main] engine config: dev=true sound_server=false sound_server_cmd=<default>
2026-03-21 05:21:44.118 [2793861] [app] [INFO ] [app.main] engine initialized: mod_source=mods/shell-quest/
2026-03-21 05:21:44.118 [2793861] [app] [INFO ] [engine.run] starting engine run: mod_source=mods/shell-quest/ entrypoint=/scenes/00-intro-logo/scene.yml dev=true sound_server=false
2026-03-21 05:21:44.987 [2793861] [app] [INFO ] [engine.scene] loaded entry scene: id=00.intro.logo title=00 Intro Logo
2026-03-21 05:21:48.969 [2793861] [app] [INFO ] [engine.scene] transition requested: to=01.intro.date
2026-03-21 05:21:48.971 [2793861] [app] [INFO ] [engine.scene] transition applied: active_scene=01.intro.date title=01 Intro Date
2026-03-21 05:21:50.079 [2793861] [app] [INFO ] [engine.scene] transition requested: to=02.intro.boot
2026-03-21 05:21:50.080 [2793861] [app] [INFO ] [engine.scene] transition applied: active_scene=02.intro.boot title=02 Intro Boot
2026-03-21 05:21:52.142 [2793861] [app] [INFO ] [engine.scene] transition requested: to=intro-lab-enter
2026-03-21 05:21:52.144 [2793861] [app] [INFO ] [engine.scene] transition applied: active_scene=intro-lab-enter title=Intro Lab Enter
2026-03-21 05:21:52.432 [2793861] [app] [INFO ] [engine.scene] transition requested: to=intro-difficulty-select
2026-03-21 05:21:52.440 [2793861] [app] [INFO ] [engine.scene] transition applied: active_scene=intro-difficulty-select title=Intro Difficulty Select
2026-03-21 05:21:53.499 [2793861] [app] [INFO ] [engine.scene] transition requested: to=intro-cpu-on
2026-03-21 05:21:53.505 [2793861] [app] [INFO ] [engine.scene] transition applied: active_scene=intro-cpu-on title=Intro CPU On
2026-03-21 05:22:04.854 [2793861] [app] [INFO ] [engine.scene] transition requested: to=intro-login
2026-03-21 05:22:04.856 [2793861] [app] [INFO ] [engine.scene] transition applied: active_scene=intro-login title=Intro Login
2026-03-21 05:23:21.539 [2793861] [app] [INFO ] [engine.hot-reload] reloaded active scene in debug mode: id=intro-login
2026-03-21 05:23:25.856 [2793861] [app] [INFO ] [engine.hot-reload] reloaded active scene in debug mode: id=intro-login
2026-03-21 05:24:12.271 [2793861] [app] [INFO ] [engine.hot-reload] reloaded active scene in debug mode: id=intro-login
2026-03-21 05:27:29.578 [2793861] [app] [INFO ] [engine.hot-reload] reloaded active scene in debug mode: id=intro-login
2026-03-21 05:32:01.334 [2793861] [app] [INFO ] [engine.hot-reload] reloaded active scene in debug mode: id=intro-login
2026-03-21 05:32:50.716 [2793861] [app] [INFO ] [engine.hot-reload] reloaded active scene in debug mode: id=intro-login
2026-03-21 05:33:32.394 [2793861] [app] [INFO ] [engine.hot-reload] reloaded active scene in debug mode: id=intro-login
2026-03-21 05:34:49.032 [2793861] [app] [INFO ] [engine.hot-reload] reloaded active scene in debug mode: id=intro-login
2026-03-21 05:39:08.859 [2793861] [app] [INFO ] [engine.hot-reload] reloaded active scene in debug mode: id=intro-login
2026-03-21 05:40:43.589 [2793861] [app] [INFO ] [engine.hot-reload] reloaded active scene in debug mode: id=intro-login
2026-03-21 05:41:25.645 [2793861] [app] [INFO ] [engine.hot-reload] reloaded active scene in debug mode: id=intro-login
2026-03-21 05:43:27.049 [2793861] [app] [INFO ] [engine.hot-reload] reloaded active scene in debug mode: id=intro-login
2026-03-21 05:44:50.848 [2793861] [app] [INFO ] [engine.hot-reload] reloaded active scene in debug mode: id=intro-login
2026-03-21 05:45:56.299 [2793861] [app] [INFO ] [engine.hot-reload] reloaded active scene in debug mode: id=intro-login
2026-03-21 05:46:08.546 [2793861] [app] [INFO ] [engine.hot-reload] reloaded active scene in debug mode: id=intro-login
2026-03-21 05:46:30.145 [2793861] [app] [INFO ] [engine.hot-reload] reloaded active scene in debug mode: id=intro-login
2026-03-21 05:48:03.383 [2793861] [app] [INFO ] [engine.hot-reload] reloaded active scene in debug mode: id=intro-login
2026-03-21 05:48:12.457 [2793861] [app] [INFO ] [engine.hot-reload] reloaded active scene in debug mode: id=intro-login
2026-03-21 05:48:18.808 [2793861] [app] [INFO ] [engine.hot-reload] reloaded active scene in debug mode: id=intro-login
2026-03-21 05:48:29.477 [2793861] [app] [INFO ] [engine.hot-reload] reloaded active scene in debug mode: id=intro-login
2026-03-21 05:48:37.215 [2793861] [app] [INFO ] [engine.hot-reload] reloaded active scene in debug mode: id=intro-login
2026-03-21 05:48:47.931 [2793861] [app] [INFO ] [engine.hot-reload] reloaded active scene in debug mode: id=intro-login
2026-03-21 05:48:51.844 [2793861] [app] [INFO ] [engine.hot-reload] reloaded active scene in debug mode: id=intro-login
2026-03-21 05:48:57.477 [2793861] [app] [INFO ] [engine.hot-reload] reloaded active scene in debug mode: id=intro-login
2026-03-21 05:48:59.483 [2793861] [app] [INFO ] [engine.hot-reload] reloaded active scene in debug mode: id=intro-login
2026-03-21 05:49:05.006 [2793861] [app] [INFO ] [engine.hot-reload] reloaded active scene in debug mode: id=intro-login
2026-03-21 05:49:26.964 [2793861] [app] [INFO ] [engine.hot-reload] reloaded active scene in debug mode: id=intro-login
2026-03-21 05:49:30.034 [2793861] [app] [INFO ] [engine.hot-reload] reloaded active scene in debug mode: id=intro-login
2026-03-21 05:49:36.246 [2793861] [app] [INFO ] [engine.hot-reload] reloaded active scene in debug mode: id=intro-login
2026-03-21 05:49:45.381 [2793861] [app] [INFO ] [engine.hot-reload] reloaded active scene in debug mode: id=intro-login
2026-03-21 05:49:50.120 [2793861] [app] [INFO ] [engine.hot-reload] reloaded active scene in debug mode: id=intro-login
2026-03-21 05:50:07.829 [2793861] [app] [INFO ] [engine.hot-reload] reloaded active scene in debug mode: id=intro-login
2026-03-21 05:50:11.033 [2793861] [app] [INFO ] [engine.hot-reload] reloaded active scene in debug mode: id=intro-login
2026-03-21 05:50:15.430 [2793861] [app] [INFO ] [engine.hot-reload] reloaded active scene in debug mode: id=intro-login
2026-03-21 05:50:17.793 [2793861] [app] [INFO ] [engine.hot-reload] reloaded active scene in debug mode: id=intro-login
2026-03-21 05:50:19.304 [2793861] [app] [INFO ] [engine.hot-reload] reloaded active scene in debug mode: id=intro-login
2026-03-21 05:50:25.954 [2793861] [app] [INFO ] [engine.hot-reload] reloaded active scene in debug mode: id=intro-login
2026-03-21 05:50:31.814 [2793861] [app] [INFO ] [engine.hot-reload] reloaded active scene in debug mode: id=intro-login
2026-03-21 05:50:37.772 [2793861] [app] [INFO ] [engine.hot-reload] reloaded active scene in debug mode: id=intro-login
2026-03-21 05:50:44.068 [2793861] [app] [INFO ] [engine.hot-reload] reloaded active scene in debug mode: id=intro-login
2026-03-21 05:50:46.424 [2793861] [app] [INFO ] [engine.hot-reload] reloaded active scene in debug mode: id=intro-login
2026-03-21 05:50:51.203 [2793861] [app] [INFO ] [engine.hot-reload] reloaded active scene in debug mode: id=intro-login
2026-03-21 05:50:54.614 [2793861] [app] [INFO ] [engine.hot-reload] reloaded active scene in debug mode: id=intro-login
2026-03-21 05:50:57.796 [2793861] [app] [INFO ] [engine.hot-reload] reloaded active scene in debug mode: id=intro-login
2026-03-21 05:51:00.595 [2793861] [app] [INFO ] [engine.hot-reload] reloaded active scene in debug mode: id=intro-login
2026-03-21 05:51:11.345 [2793861] [app] [INFO ] [engine.hot-reload] reloaded active scene in debug mode: id=intro-login
2026-03-21 05:51:14.037 [2793861] [app] [INFO ] [engine.hot-reload] reloaded active scene in debug mode: id=intro-login
2026-03-21 05:51:22.766 [2793861] [app] [INFO ] [engine.hot-reload] reloaded active scene in debug mode: id=intro-login
2026-03-21 05:51:30.252 [2793861] [app] [INFO ] [engine.hot-reload] reloaded active scene in debug mode: id=intro-login
2026-03-21 05:51:34.211 [2793861] [app] [INFO ] [engine.hot-reload] reloaded active scene in debug mode: id=intro-login
2026-03-21 05:51:41.788 [2793861] [app] [INFO ] [engine.hot-reload] reloaded active scene in debug mode: id=intro-login
2026-03-21 05:51:44.563 [2793861] [app] [INFO ] [engine.hot-reload] reloaded active scene in debug mode: id=intro-login
2026-03-21 05:51:59.159 [2793861] [app] [INFO ] [engine.hot-reload] reloaded active scene in debug mode: id=intro-login
2026-03-21 05:52:01.945 [2793861] [app] [INFO ] [engine.hot-reload] reloaded active scene in debug mode: id=intro-login
2026-03-21 05:52:03.081 [2793861] [app] [INFO ] [engine.hot-reload] reloaded active scene in debug mode: id=intro-login
2026-03-21 05:52:10.933 [2793861] [app] [INFO ] [engine.hot-reload] reloaded active scene in debug mode: id=intro-login
2026-03-21 05:52:13.678 [2793861] [app] [INFO ] [engine.hot-reload] reloaded active scene in debug mode: id=intro-login
2026-03-21 05:52:17.597 [2793861] [app] [INFO ] [engine.hot-reload] reloaded active scene in debug mode: id=intro-login
2026-03-21 05:52:22.762 [2793861] [app] [INFO ] [engine.hot-reload] reloaded active scene in debug mode: id=intro-login
2026-03-21 05:52:29.490 [2793861] [app] [INFO ] [engine.hot-reload] reloaded active scene in debug mode: id=intro-login
2026-03-21 05:52:48.407 [2793861] [app] [INFO ] [engine.hot-reload] reloaded active scene in debug mode: id=intro-login
2026-03-21 05:52:55.914 [2793861] [app] [INFO ] [engine.hot-reload] reloaded active scene in debug mode: id=intro-login
2026-03-21 05:52:57.881 [2793861] [app] [INFO ] [engine.hot-reload] reloaded active scene in debug mode: id=intro-login
2026-03-21 05:53:00.208 [2793861] [app] [INFO ] [engine.hot-reload] reloaded active scene in debug mode: id=intro-login
2026-03-21 05:53:05.713 [2793861] [app] [INFO ] [engine.hot-reload] reloaded active scene in debug mode: id=intro-login
2026-03-21 05:53:11.281 [2793861] [app] [INFO ] [engine.hot-reload] reloaded active scene in debug mode: id=intro-login
2026-03-21 05:53:22.223 [2793861] [app] [INFO ] [engine.hot-reload] reloaded active scene in debug mode: id=intro-login
2026-03-21 05:53:29.747 [2793861] [app] [INFO ] [engine.hot-reload] reloaded active scene in debug mode: id=intro-login
2026-03-21 05:53:42.832 [2793861] [app] [INFO ] [engine.hot-reload] reloaded active scene in debug mode: id=intro-login
2026-03-21 05:53:46.345 [2793861] [app] [INFO ] [engine.hot-reload] reloaded active scene in debug mode: id=intro-login
2026-03-21 05:53:55.921 [2793861] [app] [INFO ] [engine.hot-reload] reloaded active scene in debug mode: id=intro-login
2026-03-21 05:54:00.718 [2793861] [app] [INFO ] [engine.hot-reload] reloaded active scene in debug mode: id=intro-login
2026-03-21 05:54:20.358 [2793861] [app] [INFO ] [engine.hot-reload] reloaded active scene in debug mode: id=intro-login
2026-03-21 05:54:23.104 [2793861] [app] [INFO ] [engine.hot-reload] reloaded active scene in debug mode: id=intro-login
2026-03-21 05:54:38.433 [2793861] [app] [INFO ] [engine.hot-reload] reloaded active scene in debug mode: id=intro-login
2026-03-21 05:54:41.571 [2793861] [app] [INFO ] [engine.hot-reload] reloaded active scene in debug mode: id=intro-login
2026-03-21 05:54:54.121 [2793861] [app] [INFO ] [engine.hot-reload] reloaded active scene in debug mode: id=intro-login
2026-03-21 05:55:03.969 [2793861] [app] [INFO ] [engine.hot-reload] reloaded active scene in debug mode: id=intro-login
2026-03-21 05:55:11.601 [2793861] [app] [INFO ] [engine.hot-reload] reloaded active scene in debug mode: id=intro-login
2026-03-21 05:57:51.239 [2793861] [app] [INFO ] [engine.hot-reload] reloaded active scene in debug mode: id=intro-login
2026-03-21 06:00:26.081 [2793861] [app] [INFO ] [engine.hot-reload] reloaded active scene in debug mode: id=intro-login
2026-03-21 06:02:12.566 [2793861] [app] [INFO ] [engine.hot-reload] reloaded active scene in debug mode: id=intro-login
2026-03-21 06:03:21.331 [2793861] [app] [INFO ] [engine.hot-reload] reloaded active scene in debug mode: id=intro-login
2026-03-21 06:08:45.836 [2793861] [app] [INFO ] [engine.hot-reload] reloaded active scene in debug mode: id=intro-login
2026-03-21 06:12:42.884 [2793861] [app] [INFO ] [engine.hot-reload] reloaded active scene in debug mode: id=intro-login
2026-03-21 06:15:34.381 [2793861] [app] [INFO ] [engine.hot-reload] reloaded active scene in debug mode: id=intro-login
2026-03-21 06:19:05.292 [2793861] [app] [INFO ] [engine.hot-reload] reloaded active scene in debug mode: id=intro-login
2026-03-21 06:50:26.592 [2793861] [app] [INFO ] [engine.scene] transition requested: to=mainmenu
2026-03-21 06:50:26.594 [2793861] [app] [INFO ] [engine.scene] transition applied: active_scene=mainmenu title=Main Menu
2026-03-21 12:15:52.170 [2793861] [app] [INFO ] [engine.hot-reload] reloaded active scene in debug mode: id=mainmenu
2026-03-21 12:15:52.536 [2793861] [app] [INFO ] [engine.hot-reload] reloaded active scene in debug mode: id=mainmenu
