2026-03-20 16:59:32.054 [2540473] [editor] [INFO ] [logging.init] run logger initialized: file=logs/20-03-26/run-002/run.log run=2 day=logs/20-03-26
2026-03-20 16:59:32.054 [2540473] [editor] [INFO ] [editor.main] run logger initialized: run=2 file=logs/20-03-26/run-002/run.log
2026-03-20 16:59:32.054 [2540473] [editor] [INFO ] [editor.main] editor startup: mod_source=mods/shell-quest
2026-03-20 16:59:32.054 [2540473] [editor] [INFO ] [editor.app] starting editor loop: launch_mod_source=mods/shell-quest
2026-03-20 16:59:32.057 [2540473] [editor] [DEBUG] [editor.app] recent projects loaded: 2
2026-03-20 16:59:33.972 [2540473] [editor] [DEBUG] [editor.command] dispatch: mode=Start sidebar=Explorer focus=ProjectTree cmd=Down
2026-03-20 16:59:34.239 [2540473] [editor] [DEBUG] [editor.command] dispatch: mode=Start sidebar=Explorer focus=ProjectTree cmd=Up
2026-03-20 16:59:35.349 [2540473] [editor] [DEBUG] [editor.command] dispatch: mode=Start sidebar=Explorer focus=ProjectTree cmd=Down
2026-03-20 16:59:35.585 [2540473] [editor] [DEBUG] [editor.command] dispatch: mode=Start sidebar=Explorer focus=ProjectTree cmd=Down
2026-03-20 16:59:36.252 [2540473] [editor] [DEBUG] [editor.command] dispatch: mode=Start sidebar=Explorer focus=ProjectTree cmd=Up
2026-03-20 16:59:36.797 [2540473] [editor] [DEBUG] [editor.command] dispatch: mode=Start sidebar=Explorer focus=ProjectTree cmd=Down
2026-03-20 16:59:37.060 [2540473] [editor] [DEBUG] [editor.command] dispatch: mode=Start sidebar=Explorer focus=ProjectTree cmd=Up
2026-03-20 16:59:37.323 [2540473] [editor] [DEBUG] [editor.command] dispatch: mode=Start sidebar=Explorer focus=ProjectTree cmd=Enter
2026-03-20 16:59:37.323 [2540473] [editor] [INFO ] [editor.project] open requested: path=/home/ppotepa/git/shell-quest/mods/shell-quest
2026-03-20 16:59:37.344 [2540473] [editor] [INFO ] [editor.project] opened: path=/home/ppotepa/git/shell-quest/mods/shell-quest scenes=7 images=9 fonts=3
2026-03-20 16:59:37.344 [2540473] [editor] [INFO ] [editor.state] mode changed: Start -> Browser
2026-03-20 16:59:37.809 [2540473] [editor] [DEBUG] [editor.command] dispatch: mode=Browser sidebar=Explorer focus=ProjectTree cmd=Down
2026-03-20 16:59:37.991 [2540473] [editor] [DEBUG] [editor.command] dispatch: mode=Browser sidebar=Explorer focus=ProjectTree cmd=Down
2026-03-20 16:59:38.161 [2540473] [editor] [DEBUG] [editor.command] dispatch: mode=Browser sidebar=Explorer focus=ProjectTree cmd=Down
2026-03-20 16:59:38.373 [2540473] [editor] [DEBUG] [editor.command] dispatch: mode=Browser sidebar=Explorer focus=ProjectTree cmd=Down
2026-03-20 16:59:38.615 [2540473] [editor] [DEBUG] [editor.command] dispatch: mode=Browser sidebar=Explorer focus=ProjectTree cmd=Down
2026-03-20 16:59:38.830 [2540473] [editor] [DEBUG] [editor.command] dispatch: mode=Browser sidebar=Explorer focus=ProjectTree cmd=Down
2026-03-20 16:59:39.047 [2540473] [editor] [DEBUG] [editor.command] dispatch: mode=Browser sidebar=Explorer focus=ProjectTree cmd=Down
2026-03-20 16:59:39.824 [2540473] [editor] [DEBUG] [editor.command] dispatch: mode=Browser sidebar=Explorer focus=ProjectTree cmd=Down
2026-03-20 16:59:40.355 [2540473] [editor] [DEBUG] [editor.command] dispatch: mode=Browser sidebar=Explorer focus=ProjectTree cmd=Down
2026-03-20 16:59:41.051 [2540473] [editor] [DEBUG] [editor.command] dispatch: mode=Browser sidebar=Explorer focus=ProjectTree cmd=SelectPanel1
2026-03-20 16:59:41.076 [2540473] [editor] [INFO ] [editor.scenes] scenes browser active: scenes=7 mod=/home/ppotepa/git/shell-quest/mods/shell-quest
2026-03-20 16:59:41.076 [2540473] [editor] [INFO ] [editor.state] sidebar changed: Explorer -> Scenes
2026-03-20 16:59:41.362 [2540473] [editor] [DEBUG] [editor.command] dispatch: mode=Browser sidebar=Scenes focus=ProjectTree cmd=Down
2026-03-20 16:59:41.364 [2540473] [editor] [DEBUG] [editor.scenes] scene selection changed: index=1 name=01 Intro Date path=/home/ppotepa/git/shell-quest/mods/shell-quest/scenes/01-intro-date/scene.yml
2026-03-20 16:59:41.541 [2540473] [editor] [DEBUG] [editor.command] dispatch: mode=Browser sidebar=Scenes focus=ProjectTree cmd=Down
2026-03-20 16:59:41.542 [2540473] [editor] [DEBUG] [editor.scenes] scene selection changed: index=2 name=02 Intro Boot path=/home/ppotepa/git/shell-quest/mods/shell-quest/scenes/02-intro-boot/scene.yml
2026-03-20 16:59:42.221 [2540473] [editor] [DEBUG] [editor.command] dispatch: mode=Browser sidebar=Scenes focus=ProjectTree cmd=Down
2026-03-20 16:59:42.222 [2540473] [editor] [DEBUG] [editor.scenes] scene selection changed: index=3 name=Intro Lab Enter path=/home/ppotepa/git/shell-quest/mods/shell-quest/scenes/03-intro-lab-enter/scene.yml
2026-03-20 16:59:42.222 [2540473] [editor] [DEBUG] [editor.command] dispatch: mode=Browser sidebar=Scenes focus=ProjectTree cmd=Down
2026-03-20 16:59:42.225 [2540473] [editor] [DEBUG] [editor.scenes] scene selection changed: index=4 name=Intro CPU On path=/home/ppotepa/git/shell-quest/mods/shell-quest/scenes/04-intro-cpu-on/scene.yml
2026-03-20 16:59:42.225 [2540473] [editor] [DEBUG] [editor.command] dispatch: mode=Browser sidebar=Scenes focus=ProjectTree cmd=Down
2026-03-20 16:59:42.227 [2540473] [editor] [DEBUG] [editor.scenes] scene selection changed: index=5 name=Intro Login path=/home/ppotepa/git/shell-quest/mods/shell-quest/scenes/05-intro-login/scene.yml
2026-03-20 16:59:42.356 [2540473] [editor] [DEBUG] [editor.command] dispatch: mode=Browser sidebar=Scenes focus=ProjectTree cmd=Down
2026-03-20 16:59:42.358 [2540473] [editor] [DEBUG] [editor.scenes] scene selection changed: index=6 name=Main Menu path=/home/ppotepa/git/shell-quest/mods/shell-quest/scenes/mainmenu/scene.yml
2026-03-20 16:59:42.553 [2540473] [editor] [DEBUG] [editor.command] dispatch: mode=Browser sidebar=Scenes focus=ProjectTree cmd=Down
2026-03-20 16:59:42.555 [2540473] [editor] [DEBUG] [editor.scenes] scene selection changed: index=6 name=Main Menu path=/home/ppotepa/git/shell-quest/mods/shell-quest/scenes/mainmenu/scene.yml
2026-03-20 16:59:42.967 [2540473] [editor] [DEBUG] [editor.command] dispatch: mode=Browser sidebar=Scenes focus=ProjectTree cmd=Up
2026-03-20 16:59:42.971 [2540473] [editor] [DEBUG] [editor.scenes] scene selection changed: index=5 name=Intro Login path=/home/ppotepa/git/shell-quest/mods/shell-quest/scenes/05-intro-login/scene.yml
2026-03-20 16:59:44.252 [2540473] [editor] [DEBUG] [editor.command] dispatch: mode=Browser sidebar=Scenes focus=ProjectTree cmd=RunHard
2026-03-20 16:59:44.252 [2540473] [editor] [INFO ] [editor.scene-run] start requested: kind=Hard mod=/home/ppotepa/git/shell-quest/mods/shell-quest cursor=5
2026-03-20 16:59:44.257 [2540473] [editor] [INFO ] [editor.scene-run] started: kind=Hard scene=Intro Login path=/scenes/05-intro-login/scene.yml mod=/home/ppotepa/git/shell-quest/mods/shell-quest
2026-03-20 16:59:44.257 [2540473] [editor] [INFO ] [editor.state] mode changed: Browser -> SceneRun
2026-03-20 16:59:53.503 [2540473] [editor] [DEBUG] [editor.command] dispatch: mode=SceneRun sidebar=Scenes focus=ProjectTree cmd=Back
2026-03-20 16:59:53.503 [2540473] [editor] [INFO ] [editor.scene-run] stopping run: kind=Hard scene=Intro Login path=/scenes/05-intro-login/scene.yml
2026-03-20 16:59:53.503 [2540473] [editor] [INFO ] [editor.state] mode changed: SceneRun -> Browser
2026-03-20 16:59:54.247 [2540473] [editor] [DEBUG] [editor.command] dispatch: mode=Browser sidebar=Scenes focus=ProjectTree cmd=TogglePreview
2026-03-20 16:59:54.247 [2540473] [editor] [INFO ] [editor.scene-run] start requested: kind=Soft mod=/home/ppotepa/git/shell-quest/mods/shell-quest cursor=5
2026-03-20 16:59:54.252 [2540473] [editor] [INFO ] [editor.scene-run] started: kind=Soft scene=Intro Login path=/scenes/05-intro-login/scene.yml mod=/home/ppotepa/git/shell-quest/mods/shell-quest
2026-03-20 16:59:54.252 [2540473] [editor] [INFO ] [editor.state] mode changed: Browser -> SceneRun
2026-03-20 16:59:56.435 [2540473] [editor] [DEBUG] [editor.command] dispatch: mode=SceneRun sidebar=Scenes focus=ProjectTree cmd=Back
2026-03-20 16:59:56.435 [2540473] [editor] [INFO ] [editor.scene-run] stopping run: kind=Soft scene=Intro Login path=/scenes/05-intro-login/scene.yml
2026-03-20 16:59:56.435 [2540473] [editor] [INFO ] [editor.state] mode changed: SceneRun -> Browser
2026-03-20 17:00:08.382 [2540473] [editor] [DEBUG] [editor.command] dispatch: mode=Browser sidebar=Scenes focus=ProjectTree cmd=Up
2026-03-20 17:00:08.385 [2540473] [editor] [DEBUG] [editor.scenes] scene selection changed: index=4 name=Intro CPU On path=/home/ppotepa/git/shell-quest/mods/shell-quest/scenes/04-intro-cpu-on/scene.yml
2026-03-20 17:00:08.655 [2540473] [editor] [DEBUG] [editor.command] dispatch: mode=Browser sidebar=Scenes focus=ProjectTree cmd=Down
2026-03-20 17:00:08.658 [2540473] [editor] [DEBUG] [editor.scenes] scene selection changed: index=5 name=Intro Login path=/home/ppotepa/git/shell-quest/mods/shell-quest/scenes/05-intro-login/scene.yml
2026-03-20 17:00:09.541 [2540473] [editor] [DEBUG] [editor.command] dispatch: mode=Browser sidebar=Scenes focus=ProjectTree cmd=TogglePreview
2026-03-20 17:00:09.541 [2540473] [editor] [INFO ] [editor.scene-run] start requested: kind=Soft mod=/home/ppotepa/git/shell-quest/mods/shell-quest cursor=5
2026-03-20 17:00:09.546 [2540473] [editor] [INFO ] [editor.scene-run] started: kind=Soft scene=Intro Login path=/scenes/05-intro-login/scene.yml mod=/home/ppotepa/git/shell-quest/mods/shell-quest
2026-03-20 17:00:09.546 [2540473] [editor] [INFO ] [editor.state] mode changed: Browser -> SceneRun
2026-03-20 17:00:47.032 [2540473] [editor] [DEBUG] [editor.command] dispatch: mode=SceneRun sidebar=Scenes focus=ProjectTree cmd=Back
2026-03-20 17:00:47.032 [2540473] [editor] [INFO ] [editor.scene-run] stopping run: kind=Soft scene=Intro Login path=/scenes/05-intro-login/scene.yml
2026-03-20 17:00:47.032 [2540473] [editor] [INFO ] [editor.state] mode changed: SceneRun -> Browser
2026-03-20 17:00:47.303 [2540473] [editor] [DEBUG] [editor.command] dispatch: mode=Browser sidebar=Scenes focus=ProjectTree cmd=Back
2026-03-20 17:00:48.786 [2540473] [editor] [DEBUG] [editor.command] dispatch: mode=Browser sidebar=Scenes focus=ProjectTree cmd=Down
2026-03-20 17:00:48.789 [2540473] [editor] [DEBUG] [editor.scenes] scene selection changed: index=6 name=Main Menu path=/home/ppotepa/git/shell-quest/mods/shell-quest/scenes/mainmenu/scene.yml
2026-03-20 17:00:48.984 [2540473] [editor] [DEBUG] [editor.command] dispatch: mode=Browser sidebar=Scenes focus=ProjectTree cmd=Up
2026-03-20 17:00:48.987 [2540473] [editor] [DEBUG] [editor.scenes] scene selection changed: index=5 name=Intro Login path=/home/ppotepa/git/shell-quest/mods/shell-quest/scenes/05-intro-login/scene.yml
2026-03-20 17:00:50.161 [2540473] [editor] [DEBUG] [editor.command] dispatch: mode=Browser sidebar=Scenes focus=ProjectTree cmd=TogglePreview
2026-03-20 17:00:50.161 [2540473] [editor] [INFO ] [editor.scene-run] start requested: kind=Soft mod=/home/ppotepa/git/shell-quest/mods/shell-quest cursor=5
2026-03-20 17:00:50.167 [2540473] [editor] [INFO ] [editor.scene-run] started: kind=Soft scene=Intro Login path=/scenes/05-intro-login/scene.yml mod=/home/ppotepa/git/shell-quest/mods/shell-quest
2026-03-20 17:00:50.167 [2540473] [editor] [INFO ] [editor.state] mode changed: Browser -> SceneRun
2026-03-20 17:01:43.812 [2540473] [editor] [DEBUG] [editor.command] dispatch: mode=SceneRun sidebar=Scenes focus=ProjectTree cmd=Back
2026-03-20 17:01:43.813 [2540473] [editor] [INFO ] [editor.scene-run] stopping run: kind=Soft scene=Intro Login path=/scenes/05-intro-login/scene.yml
2026-03-20 17:01:43.813 [2540473] [editor] [INFO ] [editor.state] mode changed: SceneRun -> Browser
2026-03-20 17:01:43.868 [2540473] [editor] [DEBUG] [editor.command] dispatch: mode=Browser sidebar=Scenes focus=ProjectTree cmd=Back
2026-03-20 17:01:44.079 [2540473] [editor] [DEBUG] [editor.command] dispatch: mode=Browser sidebar=Scenes focus=ProjectTree cmd=Quit
2026-03-20 17:01:44.079 [2540473] [editor] [INFO ] [editor.state] quit requested by command=Quit in mode=Browser
2026-03-20 17:01:44.079 [2540473] [editor] [INFO ] [editor.app] quit requested from event loop
2026-03-20 17:01:44.079 [2540473] [editor] [INFO ] [editor.app] editor loop stopped; recent projects saved: 2
