2026-03-21 03:58:58.110 [2767698] [editor] [INFO ] [logging.init] run logger initialized: file=logs/21-03-26/run-031/run.log run=31 day=logs/21-03-26
2026-03-21 03:58:58.110 [2767698] [editor] [INFO ] [editor.main] run logger initialized: run=31 file=logs/21-03-26/run-031/run.log
2026-03-21 03:58:58.110 [2767698] [editor] [INFO ] [editor.main] editor startup: mod_source=mods/shell-quest
2026-03-21 03:58:58.110 [2767698] [editor] [INFO ] [editor.app] starting editor loop: launch_mod_source=mods/shell-quest
2026-03-21 03:58:58.111 [2767698] [editor] [DEBUG] [editor.app] recent projects loaded: 2
2026-03-21 03:58:58.636 [2767698] [editor] [DEBUG] [editor.command] dispatch: mode=Start sidebar=Explorer focus=ProjectTree cmd=Down
2026-03-21 03:58:58.948 [2767698] [editor] [DEBUG] [editor.command] dispatch: mode=Start sidebar=Explorer focus=ProjectTree cmd=Up
2026-03-21 03:58:59.525 [2767698] [editor] [DEBUG] [editor.command] dispatch: mode=Start sidebar=Explorer focus=ProjectTree cmd=Enter
2026-03-21 03:58:59.525 [2767698] [editor] [INFO ] [editor.project] open requested: path=/home/ppotepa/git/shell-quest/mods/shell-quest
2026-03-21 03:58:59.552 [2767698] [editor] [INFO ] [editor.project] opened: path=/home/ppotepa/git/shell-quest/mods/shell-quest scenes=8 images=16 fonts=4
2026-03-21 03:58:59.552 [2767698] [editor] [INFO ] [editor.state] mode changed: Start -> Browser
2026-03-21 03:58:59.866 [2767698] [editor] [DEBUG] [editor.command] dispatch: mode=Browser sidebar=Explorer focus=ProjectTree cmd=Down
2026-03-21 03:59:00.052 [2767698] [editor] [DEBUG] [editor.command] dispatch: mode=Browser sidebar=Explorer focus=ProjectTree cmd=Down
2026-03-21 03:59:00.202 [2767698] [editor] [DEBUG] [editor.command] dispatch: mode=Browser sidebar=Explorer focus=ProjectTree cmd=Down
2026-03-21 03:59:01.101 [2767698] [editor] [DEBUG] [editor.command] dispatch: mode=Browser sidebar=Explorer focus=ProjectTree cmd=ToggleHelp
2026-03-21 03:59:01.101 [2767698] [editor] [INFO ] [editor.state] help overlay toggled: active=true
2026-03-21 03:59:01.803 [2767698] [editor] [DEBUG] [editor.command] dispatch: mode=Browser sidebar=Explorer focus=ProjectTree cmd=Back
2026-03-21 03:59:02.238 [2767698] [editor] [DEBUG] [editor.command] dispatch: mode=Browser sidebar=Explorer focus=ProjectTree cmd=Back
2026-03-21 03:59:02.710 [2767698] [editor] [DEBUG] [editor.command] dispatch: mode=Browser sidebar=Explorer focus=ProjectTree cmd=EnterFile
2026-03-21 03:59:02.710 [2767698] [editor] [INFO ] [editor.state] mode changed: Browser -> EditMode
2026-03-21 03:59:03.611 [2767698] [editor] [DEBUG] [editor.command] dispatch: mode=EditMode sidebar=Explorer focus=ProjectTree cmd=ExitEditor
2026-03-21 03:59:03.611 [2767698] [editor] [INFO ] [editor.state] mode changed: EditMode -> Browser
2026-03-21 03:59:03.789 [2767698] [editor] [DEBUG] [editor.command] dispatch: mode=Browser sidebar=Explorer focus=ProjectTree cmd=Back
2026-03-21 03:59:04.296 [2767698] [editor] [DEBUG] [editor.command] dispatch: mode=Browser sidebar=Explorer focus=ProjectTree cmd=ToggleHelp
2026-03-21 03:59:04.296 [2767698] [editor] [INFO ] [editor.state] help overlay toggled: active=false
2026-03-21 03:59:05.379 [2767698] [editor] [DEBUG] [editor.command] dispatch: mode=Browser sidebar=Explorer focus=ProjectTree cmd=ToggleHelp
2026-03-21 03:59:05.379 [2767698] [editor] [INFO ] [editor.state] help overlay toggled: active=true
2026-03-21 03:59:05.889 [2767698] [editor] [DEBUG] [editor.command] dispatch: mode=Browser sidebar=Explorer focus=ProjectTree cmd=ToggleHelp
2026-03-21 03:59:05.889 [2767698] [editor] [INFO ] [editor.state] help overlay toggled: active=false
2026-03-21 03:59:06.543 [2767698] [editor] [DEBUG] [editor.command] dispatch: mode=Browser sidebar=Explorer focus=ProjectTree cmd=SelectPanel1
2026-03-21 03:59:06.580 [2767698] [editor] [INFO ] [editor.scenes] scenes browser active: scenes=8 mod=/home/ppotepa/git/shell-quest/mods/shell-quest
2026-03-21 03:59:06.580 [2767698] [editor] [INFO ] [editor.state] sidebar changed: Explorer -> Scenes
2026-03-21 03:59:07.276 [2767698] [editor] [DEBUG] [editor.command] dispatch: mode=Browser sidebar=Scenes focus=ProjectTree cmd=Down
2026-03-21 03:59:07.278 [2767698] [editor] [DEBUG] [editor.scenes] scene selection changed: index=1 name=01 Intro Date path=/home/ppotepa/git/shell-quest/mods/shell-quest/scenes/01-intro-date/scene.yml
2026-03-21 03:59:07.471 [2767698] [editor] [DEBUG] [editor.command] dispatch: mode=Browser sidebar=Scenes focus=ProjectTree cmd=Down
2026-03-21 03:59:07.473 [2767698] [editor] [DEBUG] [editor.scenes] scene selection changed: index=2 name=02 Intro Boot path=/home/ppotepa/git/shell-quest/mods/shell-quest/scenes/02-intro-boot/scene.yml
2026-03-21 03:59:08.156 [2767698] [editor] [DEBUG] [editor.command] dispatch: mode=Browser sidebar=Scenes focus=ProjectTree cmd=Down
2026-03-21 03:59:08.157 [2767698] [editor] [DEBUG] [editor.scenes] scene selection changed: index=3 name=Intro Lab Enter path=/home/ppotepa/git/shell-quest/mods/shell-quest/scenes/03-intro-lab-enter/scene.yml
2026-03-21 03:59:08.157 [2767698] [editor] [DEBUG] [editor.command] dispatch: mode=Browser sidebar=Scenes focus=ProjectTree cmd=Down
2026-03-21 03:59:08.162 [2767698] [editor] [DEBUG] [editor.scenes] scene selection changed: index=4 name=Intro Difficulty Select path=/home/ppotepa/git/shell-quest/mods/shell-quest/scenes/04-difficulty-select/scene.yml
2026-03-21 03:59:10.357 [2767698] [editor] [DEBUG] [editor.command] dispatch: mode=Browser sidebar=Scenes focus=ProjectTree cmd=Down
2026-03-21 03:59:10.360 [2767698] [editor] [DEBUG] [editor.scenes] scene selection changed: index=5 name=Intro CPU On path=/home/ppotepa/git/shell-quest/mods/shell-quest/scenes/05-intro-cpu-on/scene.yml
2026-03-21 03:59:10.844 [2767698] [editor] [DEBUG] [editor.command] dispatch: mode=Browser sidebar=Scenes focus=ProjectTree cmd=Up
2026-03-21 03:59:10.850 [2767698] [editor] [DEBUG] [editor.scenes] scene selection changed: index=4 name=Intro Difficulty Select path=/home/ppotepa/git/shell-quest/mods/shell-quest/scenes/04-difficulty-select/scene.yml
2026-03-21 03:59:12.540 [2767698] [editor] [DEBUG] [editor.command] dispatch: mode=Browser sidebar=Scenes focus=ProjectTree cmd=EnterFile
2026-03-21 03:59:13.249 [2767698] [editor] [DEBUG] [editor.command] dispatch: mode=Browser sidebar=Scenes focus=ProjectTree cmd=TogglePreview
2026-03-21 03:59:13.250 [2767698] [editor] [INFO ] [editor.scene-run] start requested: kind=Soft mod=/home/ppotepa/git/shell-quest/mods/shell-quest cursor=4
2026-03-21 03:59:13.257 [2767698] [editor] [INFO ] [editor.scene-run] started: kind=Soft scene=Intro Difficulty Select path=/scenes/04-difficulty-select/scene.yml mod=/home/ppotepa/git/shell-quest/mods/shell-quest
2026-03-21 03:59:13.257 [2767698] [editor] [INFO ] [editor.state] mode changed: Browser -> SceneRun
