2026-03-21 06:17:52.570 [2810400] [app] [INFO ] [logging.init] run logger initialized: file=logs/21-03-26/run-055/run.log run=55 day=logs/21-03-26
2026-03-21 06:17:52.570 [2810400] [app] [INFO ] [app.main] launcher init: run=55 log_file=logs/21-03-26/run-055/run.log
2026-03-21 06:17:52.570 [2810400] [app] [INFO ] [app.main] resolved mod_source=mods/shell-quest/
2026-03-21 06:17:52.570 [2810400] [app] [DEBUG] [app.main] engine config: dev=true sound_server=false sound_server_cmd=<default>
2026-03-21 06:17:52.571 [2810400] [app] [INFO ] [app.main] engine initialized: mod_source=mods/shell-quest/
2026-03-21 06:17:52.571 [2810400] [app] [INFO ] [engine.run] starting engine run: mod_source=mods/shell-quest/ entrypoint=/scenes/00-intro-logo/scene.yml dev=true sound_server=false
2026-03-21 06:17:53.596 [2810400] [app] [INFO ] [engine.scene] loaded entry scene: id=00.intro.logo title=00 Intro Logo
2026-03-21 06:18:07.492 [2810400] [app] [INFO ] [engine.scene] transition requested: to=01.intro.date
2026-03-21 06:18:07.494 [2810400] [app] [INFO ] [engine.scene] transition applied: active_scene=01.intro.date title=01 Intro Date
2026-03-21 06:18:16.359 [2810400] [app] [INFO ] [engine.scene] transition requested: to=02.intro.boot
2026-03-21 06:18:16.360 [2810400] [app] [INFO ] [engine.scene] transition applied: active_scene=02.intro.boot title=02 Intro Boot
2026-03-21 06:18:21.226 [2810400] [app] [INFO ] [engine.scene] transition requested: to=intro-lab-enter
2026-03-21 06:18:21.227 [2810400] [app] [INFO ] [engine.scene] transition applied: active_scene=intro-lab-enter title=Intro Lab Enter
2026-03-21 06:18:23.430 [2810400] [app] [INFO ] [engine.scene] transition requested: to=intro-difficulty-select
2026-03-21 06:18:23.439 [2810400] [app] [INFO ] [engine.scene] transition applied: active_scene=intro-difficulty-select title=Intro Difficulty Select
2026-03-21 06:18:28.889 [2810400] [app] [INFO ] [engine.scene] transition requested: to=intro-cpu-on
2026-03-21 06:18:28.894 [2810400] [app] [INFO ] [engine.scene] transition applied: active_scene=intro-cpu-on title=Intro CPU On
2026-03-21 06:19:05.141 [2810400] [app] [INFO ] [engine.hot-reload] reloaded active scene in debug mode: id=intro-cpu-on
2026-03-21 06:19:20.194 [2810400] [app] [INFO ] [engine.scene] transition requested: to=intro-login
2026-03-21 06:19:20.197 [2810400] [app] [INFO ] [engine.scene] transition applied: active_scene=intro-login title=Intro Login
2026-03-21 10:40:52.926 [2810400] [app] [INFO ] [engine.scene] transition requested: to=mainmenu
2026-03-21 10:40:52.928 [2810400] [app] [INFO ] [engine.scene] transition applied: active_scene=mainmenu title=Main Menu
2026-03-21 12:15:52.123 [2810400] [app] [INFO ] [engine.hot-reload] reloaded active scene in debug mode: id=mainmenu
2026-03-21 12:15:52.496 [2810400] [app] [INFO ] [engine.hot-reload] reloaded active scene in debug mode: id=mainmenu
2026-03-21 12:19:34.008 [2810400] [app] [INFO ] [engine.hot-reload] reloaded active scene in debug mode: id=mainmenu
