2026-03-21 06:00:06.738 [2802816] [app] [INFO ] [logging.init] run logger initialized: file=logs/21-03-26/run-051/run.log run=51 day=logs/21-03-26
2026-03-21 06:00:06.738 [2802816] [app] [INFO ] [app.main] launcher init: run=51 log_file=logs/21-03-26/run-051/run.log
2026-03-21 06:00:06.738 [2802816] [app] [INFO ] [app.main] resolved mod_source=mods/shell-quest/
2026-03-21 06:00:06.738 [2802816] [app] [DEBUG] [app.main] engine config: dev=true sound_server=false sound_server_cmd=<default>
2026-03-21 06:00:06.738 [2802816] [app] [INFO ] [app.main] engine initialized: mod_source=mods/shell-quest/
2026-03-21 06:00:06.738 [2802816] [app] [INFO ] [engine.run] starting engine run: mod_source=mods/shell-quest/ entrypoint=/scenes/00-intro-logo/scene.yml dev=true sound_server=false
2026-03-21 06:00:07.663 [2802816] [app] [INFO ] [engine.scene] loaded entry scene: id=00.intro.logo title=00 Intro Logo
2026-03-21 06:00:20.031 [2802816] [app] [INFO ] [engine.scene] transition requested: to=01.intro.date
2026-03-21 06:00:20.033 [2802816] [app] [INFO ] [engine.scene] transition applied: active_scene=01.intro.date title=01 Intro Date
2026-03-21 06:00:21.141 [2802816] [app] [INFO ] [engine.scene] transition requested: to=02.intro.boot
2026-03-21 06:00:21.142 [2802816] [app] [INFO ] [engine.scene] transition applied: active_scene=02.intro.boot title=02 Intro Boot
2026-03-21 06:00:23.325 [2802816] [app] [INFO ] [engine.scene] transition requested: to=intro-lab-enter
2026-03-21 06:00:23.327 [2802816] [app] [INFO ] [engine.scene] transition applied: active_scene=intro-lab-enter title=Intro Lab Enter
2026-03-21 06:00:23.615 [2802816] [app] [INFO ] [engine.scene] transition requested: to=intro-difficulty-select
2026-03-21 06:00:23.624 [2802816] [app] [INFO ] [engine.scene] transition applied: active_scene=intro-difficulty-select title=Intro Difficulty Select
2026-03-21 06:00:25.882 [2802816] [app] [INFO ] [engine.hot-reload] reloaded active scene in debug mode: id=intro-difficulty-select
2026-03-21 06:02:12.945 [2802816] [app] [INFO ] [engine.hot-reload] reloaded active scene in debug mode: id=intro-difficulty-select
2026-03-21 06:03:21.399 [2802816] [app] [INFO ] [engine.hot-reload] reloaded active scene in debug mode: id=intro-difficulty-select
2026-03-21 06:08:45.866 [2802816] [app] [INFO ] [engine.hot-reload] reloaded active scene in debug mode: id=intro-difficulty-select
2026-03-21 06:12:43.066 [2802816] [app] [INFO ] [engine.hot-reload] reloaded active scene in debug mode: id=intro-difficulty-select
2026-03-21 06:15:34.407 [2802816] [app] [INFO ] [engine.hot-reload] reloaded active scene in debug mode: id=intro-difficulty-select
