2026-03-21 01:46:02.822 [2710167] [app] [INFO ] [logging.init] run logger initialized: file=logs/21-03-26/run-019/run.log run=19 day=logs/21-03-26
2026-03-21 01:46:02.822 [2710167] [app] [INFO ] [app.main] launcher init: run=19 log_file=logs/21-03-26/run-019/run.log
2026-03-21 01:46:02.822 [2710167] [app] [INFO ] [app.main] resolved mod_source=mods/shell-quest/
2026-03-21 01:46:02.822 [2710167] [app] [DEBUG] [app.main] engine config: dev=true sound_server=false sound_server_cmd=<default>
2026-03-21 01:46:02.822 [2710167] [app] [INFO ] [app.main] engine initialized: mod_source=mods/shell-quest/
2026-03-21 01:46:02.822 [2710167] [app] [INFO ] [engine.run] starting engine run: mod_source=mods/shell-quest/ entrypoint=/scenes/00-intro-logo/scene.yml dev=true sound_server=false
2026-03-21 01:46:03.724 [2710167] [app] [INFO ] [engine.scene] loaded entry scene: id=00.intro.logo title=00 Intro Logo
2026-03-21 01:46:17.416 [2710167] [app] [INFO ] [engine.scene] transition requested: to=01.intro.date
2026-03-21 01:46:17.418 [2710167] [app] [INFO ] [engine.scene] transition applied: active_scene=01.intro.date title=01 Intro Date
2026-03-21 01:46:26.281 [2710167] [app] [INFO ] [engine.scene] transition requested: to=02.intro.boot
2026-03-21 01:46:26.282 [2710167] [app] [INFO ] [engine.scene] transition applied: active_scene=02.intro.boot title=02 Intro Boot
2026-03-21 01:46:37.655 [2710167] [app] [INFO ] [engine.scene] transition requested: to=intro-lab-enter
2026-03-21 01:46:37.656 [2710167] [app] [INFO ] [engine.scene] transition applied: active_scene=intro-lab-enter title=Intro Lab Enter
2026-03-21 01:46:39.859 [2710167] [app] [INFO ] [engine.scene] transition requested: to=intro-difficulty-select
2026-03-21 01:46:39.865 [2710167] [app] [INFO ] [engine.scene] transition applied: active_scene=intro-difficulty-select title=Intro Difficulty Select
2026-03-21 01:46:56.918 [2710167] [app] [INFO ] [engine.scene] transition requested: to=intro-cpu-on
2026-03-21 01:46:56.923 [2710167] [app] [INFO ] [engine.scene] transition applied: active_scene=intro-cpu-on title=Intro CPU On
2026-03-21 01:48:12.952 [2710167] [app] [INFO ] [engine.scene] transition requested: to=intro-login
2026-03-21 01:48:12.955 [2710167] [app] [INFO ] [engine.scene] transition applied: active_scene=intro-login title=Intro Login
2026-03-21 02:29:47.581 [2710167] [app] [INFO ] [engine.run] engine loop exited cleanly
2026-03-21 02:29:47.581 [2710167] [app] [INFO ] [app.main] engine run finished successfully
