2026-03-21 06:20:33.320 [2811016] [app] [INFO ] [logging.init] run logger initialized: file=logs/21-03-26/run-057/run.log run=57 day=logs/21-03-26
2026-03-21 06:20:33.320 [2811016] [app] [INFO ] [app.main] launcher init: run=57 log_file=logs/21-03-26/run-057/run.log
2026-03-21 06:20:33.320 [2811016] [app] [INFO ] [app.main] resolved mod_source=mods/shell-quest/
2026-03-21 06:20:33.320 [2811016] [app] [DEBUG] [app.main] engine config: dev=true sound_server=false sound_server_cmd=<default>
2026-03-21 06:20:33.320 [2811016] [app] [INFO ] [app.main] engine initialized: mod_source=mods/shell-quest/
2026-03-21 06:20:33.320 [2811016] [app] [INFO ] [engine.run] starting engine run: mod_source=mods/shell-quest/ entrypoint=/scenes/00-intro-logo/scene.yml dev=true sound_server=false
2026-03-21 06:20:34.167 [2811016] [app] [INFO ] [engine.scene] loaded entry scene: id=00.intro.logo title=00 Intro Logo
2026-03-21 06:20:47.856 [2811016] [app] [INFO ] [engine.scene] transition requested: to=01.intro.date
2026-03-21 06:20:47.857 [2811016] [app] [INFO ] [engine.scene] transition applied: active_scene=01.intro.date title=01 Intro Date
2026-03-21 06:20:56.721 [2811016] [app] [INFO ] [engine.scene] transition requested: to=02.intro.boot
2026-03-21 06:20:56.722 [2811016] [app] [INFO ] [engine.scene] transition applied: active_scene=02.intro.boot title=02 Intro Boot
2026-03-21 06:21:01.438 [2811016] [app] [INFO ] [engine.scene] transition requested: to=intro-lab-enter
2026-03-21 06:21:01.439 [2811016] [app] [INFO ] [engine.scene] transition applied: active_scene=intro-lab-enter title=Intro Lab Enter
2026-03-21 06:21:03.643 [2811016] [app] [INFO ] [engine.scene] transition requested: to=intro-difficulty-select
2026-03-21 06:21:03.654 [2811016] [app] [INFO ] [engine.scene] transition applied: active_scene=intro-difficulty-select title=Intro Difficulty Select
2026-03-21 06:21:05.953 [2811016] [app] [INFO ] [engine.scene] transition requested: to=intro-cpu-on
2026-03-21 06:21:05.958 [2811016] [app] [INFO ] [engine.scene] transition applied: active_scene=intro-cpu-on title=Intro CPU On
2026-03-21 06:21:20.220 [2811016] [app] [INFO ] [engine.scene] transition requested: to=intro-login
2026-03-21 06:21:20.223 [2811016] [app] [INFO ] [engine.scene] transition applied: active_scene=intro-login title=Intro Login
2026-03-21 10:42:45.678 [2811016] [app] [INFO ] [engine.scene] transition requested: to=mainmenu
2026-03-21 10:42:45.680 [2811016] [app] [INFO ] [engine.scene] transition applied: active_scene=mainmenu title=Main Menu
2026-03-21 12:15:51.904 [2811016] [app] [INFO ] [engine.hot-reload] reloaded active scene in debug mode: id=mainmenu
2026-03-21 12:15:52.261 [2811016] [app] [INFO ] [engine.hot-reload] reloaded active scene in debug mode: id=mainmenu
2026-03-21 12:15:52.641 [2811016] [app] [INFO ] [engine.hot-reload] reloaded active scene in debug mode: id=mainmenu
2026-03-21 12:19:34.155 [2811016] [app] [INFO ] [engine.hot-reload] reloaded active scene in debug mode: id=mainmenu
2026-03-21 12:27:03.591 [2811016] [app] [INFO ] [engine.hot-reload] reloaded active scene in debug mode: id=mainmenu
2026-03-21 12:27:03.932 [2811016] [app] [INFO ] [engine.hot-reload] reloaded active scene in debug mode: id=mainmenu
2026-03-21 12:32:00.806 [2811016] [app] [INFO ] [engine.hot-reload] reloaded active scene in debug mode: id=mainmenu
