2026-03-21 05:28:15.008 [2794726] [editor] [INFO ] [logging.init] run logger initialized: file=logs/21-03-26/run-045/run.log run=45 day=logs/21-03-26
2026-03-21 05:28:15.008 [2794726] [editor] [INFO ] [editor.main] run logger initialized: run=45 file=logs/21-03-26/run-045/run.log
2026-03-21 05:28:15.008 [2794726] [editor] [INFO ] [editor.main] editor startup: mod_source=mods/shell-quest
2026-03-21 05:28:15.008 [2794726] [editor] [INFO ] [editor.app] starting editor loop: launch_mod_source=mods/shell-quest
2026-03-21 05:28:15.010 [2794726] [editor] [DEBUG] [editor.app] recent projects loaded: 2
2026-03-21 05:28:15.510 [2794726] [editor] [DEBUG] [editor.command] dispatch: mode=Start sidebar=Explorer focus=ProjectTree cmd=Noop
2026-03-21 05:28:16.290 [2794726] [editor] [DEBUG] [editor.command] dispatch: mode=Start sidebar=Explorer focus=ProjectTree cmd=Enter
2026-03-21 05:28:16.290 [2794726] [editor] [INFO ] [editor.project] open requested: path=/home/ppotepa/git/shell-quest/mods/shell-quest
2026-03-21 05:28:16.320 [2794726] [editor] [INFO ] [editor.project] opened: path=/home/ppotepa/git/shell-quest/mods/shell-quest scenes=8 images=17 fonts=4
2026-03-21 05:28:16.320 [2794726] [editor] [INFO ] [editor.state] mode changed: Start -> Browser
2026-03-21 05:28:16.959 [2794726] [editor] [DEBUG] [editor.command] dispatch: mode=Browser sidebar=Explorer focus=ProjectTree cmd=SelectPanel1
2026-03-21 05:28:16.996 [2794726] [editor] [INFO ] [editor.scenes] scenes browser active: scenes=8 mod=/home/ppotepa/git/shell-quest/mods/shell-quest
2026-03-21 05:28:16.996 [2794726] [editor] [INFO ] [editor.state] sidebar changed: Explorer -> Scenes
2026-03-21 05:28:17.579 [2794726] [editor] [DEBUG] [editor.command] dispatch: mode=Browser sidebar=Scenes focus=ProjectTree cmd=Down
2026-03-21 05:28:17.580 [2794726] [editor] [DEBUG] [editor.scenes] scene selection changed: index=1 name=01 Intro Date path=/home/ppotepa/git/shell-quest/mods/shell-quest/scenes/01-intro-date/scene.yml
2026-03-21 05:28:17.762 [2794726] [editor] [DEBUG] [editor.command] dispatch: mode=Browser sidebar=Scenes focus=ProjectTree cmd=Down
2026-03-21 05:28:17.764 [2794726] [editor] [DEBUG] [editor.scenes] scene selection changed: index=2 name=02 Intro Boot path=/home/ppotepa/git/shell-quest/mods/shell-quest/scenes/02-intro-boot/scene.yml
2026-03-21 05:28:18.446 [2794726] [editor] [DEBUG] [editor.command] dispatch: mode=Browser sidebar=Scenes focus=ProjectTree cmd=Down
2026-03-21 05:28:18.447 [2794726] [editor] [DEBUG] [editor.scenes] scene selection changed: index=3 name=Intro Lab Enter path=/home/ppotepa/git/shell-quest/mods/shell-quest/scenes/03-intro-lab-enter/scene.yml
2026-03-21 05:28:25.193 [2794726] [editor] [DEBUG] [editor.command] dispatch: mode=Browser sidebar=Scenes focus=ProjectTree cmd=Down
2026-03-21 05:28:25.201 [2794726] [editor] [DEBUG] [editor.scenes] scene selection changed: index=4 name=Intro Difficulty Select path=/home/ppotepa/git/shell-quest/mods/shell-quest/scenes/04-difficulty-select/scene.yml
2026-03-21 05:28:31.890 [2794726] [editor] [DEBUG] [editor.command] dispatch: mode=Browser sidebar=Scenes focus=ProjectTree cmd=Down
2026-03-21 05:28:31.893 [2794726] [editor] [DEBUG] [editor.scenes] scene selection changed: index=5 name=Intro CPU On path=/home/ppotepa/git/shell-quest/mods/shell-quest/scenes/05-intro-cpu-on/scene.yml
2026-03-21 05:28:38.442 [2794726] [editor] [DEBUG] [editor.command] dispatch: mode=Browser sidebar=Scenes focus=ProjectTree cmd=Down
2026-03-21 05:28:38.444 [2794726] [editor] [DEBUG] [editor.scenes] scene selection changed: index=6 name=Intro Login path=/home/ppotepa/git/shell-quest/mods/shell-quest/scenes/06-intro-login/scene.yml
2026-03-21 05:28:40.041 [2794726] [editor] [DEBUG] [editor.command] dispatch: mode=Browser sidebar=Scenes focus=ProjectTree cmd=Down
2026-03-21 05:28:40.043 [2794726] [editor] [DEBUG] [editor.scenes] scene selection changed: index=7 name=Main Menu path=/home/ppotepa/git/shell-quest/mods/shell-quest/scenes/mainmenu/scene.yml
2026-03-21 05:28:40.561 [2794726] [editor] [DEBUG] [editor.command] dispatch: mode=Browser sidebar=Scenes focus=ProjectTree cmd=Up
2026-03-21 05:28:40.563 [2794726] [editor] [DEBUG] [editor.scenes] scene selection changed: index=6 name=Intro Login path=/home/ppotepa/git/shell-quest/mods/shell-quest/scenes/06-intro-login/scene.yml
2026-03-21 05:28:40.745 [2794726] [editor] [DEBUG] [editor.command] dispatch: mode=Browser sidebar=Scenes focus=ProjectTree cmd=Up
2026-03-21 05:28:40.748 [2794726] [editor] [DEBUG] [editor.scenes] scene selection changed: index=5 name=Intro CPU On path=/home/ppotepa/git/shell-quest/mods/shell-quest/scenes/05-intro-cpu-on/scene.yml
2026-03-21 05:28:40.937 [2794726] [editor] [DEBUG] [editor.command] dispatch: mode=Browser sidebar=Scenes focus=ProjectTree cmd=Up
2026-03-21 05:28:40.945 [2794726] [editor] [DEBUG] [editor.scenes] scene selection changed: index=4 name=Intro Difficulty Select path=/home/ppotepa/git/shell-quest/mods/shell-quest/scenes/04-difficulty-select/scene.yml
