2026-03-21 05:32:26.193 [2796016] [app] [INFO ] [logging.init] run logger initialized: file=logs/21-03-26/run-049/run.log run=49 day=logs/21-03-26
2026-03-21 05:32:26.193 [2796016] [app] [INFO ] [app.main] launcher init: run=49 log_file=logs/21-03-26/run-049/run.log
2026-03-21 05:32:26.193 [2796016] [app] [INFO ] [app.main] resolved mod_source=mods/shell-quest/
2026-03-21 05:32:26.193 [2796016] [app] [DEBUG] [app.main] engine config: dev=true sound_server=false sound_server_cmd=<default>
2026-03-21 05:32:26.193 [2796016] [app] [INFO ] [app.main] engine initialized: mod_source=mods/shell-quest/
2026-03-21 05:32:26.193 [2796016] [app] [INFO ] [engine.run] starting engine run: mod_source=mods/shell-quest/ entrypoint=/scenes/00-intro-logo/scene.yml dev=true sound_server=false
2026-03-21 05:32:27.072 [2796016] [app] [INFO ] [engine.scene] loaded entry scene: id=00.intro.logo title=00 Intro Logo
2026-03-21 05:32:41.778 [2796016] [app] [INFO ] [engine.scene] transition requested: to=01.intro.date
2026-03-21 05:32:41.781 [2796016] [app] [INFO ] [engine.scene] transition applied: active_scene=01.intro.date title=01 Intro Date
2026-03-21 05:32:50.526 [2796016] [app] [INFO ] [engine.hot-reload] reloaded active scene in debug mode: id=01.intro.date
2026-03-21 05:32:59.385 [2796016] [app] [INFO ] [engine.scene] transition requested: to=02.intro.boot
2026-03-21 05:32:59.388 [2796016] [app] [INFO ] [engine.scene] transition applied: active_scene=02.intro.boot title=02 Intro Boot
2026-03-21 05:33:06.715 [2796016] [app] [INFO ] [engine.scene] transition requested: to=intro-lab-enter
2026-03-21 05:33:06.716 [2796016] [app] [INFO ] [engine.scene] transition applied: active_scene=intro-lab-enter title=Intro Lab Enter
2026-03-21 05:33:07.004 [2796016] [app] [INFO ] [engine.scene] transition requested: to=intro-difficulty-select
2026-03-21 05:33:07.019 [2796016] [app] [INFO ] [engine.scene] transition applied: active_scene=intro-difficulty-select title=Intro Difficulty Select
2026-03-21 05:33:32.358 [2796016] [app] [INFO ] [engine.hot-reload] reloaded active scene in debug mode: id=intro-difficulty-select
2026-03-21 05:34:49.084 [2796016] [app] [INFO ] [engine.hot-reload] reloaded active scene in debug mode: id=intro-difficulty-select
2026-03-21 05:39:08.878 [2796016] [app] [INFO ] [engine.hot-reload] reloaded active scene in debug mode: id=intro-difficulty-select
2026-03-21 05:40:43.743 [2796016] [app] [INFO ] [engine.hot-reload] reloaded active scene in debug mode: id=intro-difficulty-select
2026-03-21 05:41:25.467 [2796016] [app] [INFO ] [engine.hot-reload] reloaded active scene in debug mode: id=intro-difficulty-select
2026-03-21 05:43:27.043 [2796016] [app] [INFO ] [engine.hot-reload] reloaded active scene in debug mode: id=intro-difficulty-select
2026-03-21 05:44:51.068 [2796016] [app] [INFO ] [engine.hot-reload] reloaded active scene in debug mode: id=intro-difficulty-select
2026-03-21 05:45:56.237 [2796016] [app] [INFO ] [engine.hot-reload] reloaded active scene in debug mode: id=intro-difficulty-select
2026-03-21 05:46:08.318 [2796016] [app] [INFO ] [engine.hot-reload] reloaded active scene in debug mode: id=intro-difficulty-select
2026-03-21 05:46:30.136 [2796016] [app] [INFO ] [engine.hot-reload] reloaded active scene in debug mode: id=intro-difficulty-select
2026-03-21 05:48:03.313 [2796016] [app] [INFO ] [engine.hot-reload] reloaded active scene in debug mode: id=intro-difficulty-select
2026-03-21 05:48:12.637 [2796016] [app] [INFO ] [engine.hot-reload] reloaded active scene in debug mode: id=intro-difficulty-select
2026-03-21 05:48:19.039 [2796016] [app] [INFO ] [engine.hot-reload] reloaded active scene in debug mode: id=intro-difficulty-select
2026-03-21 05:48:29.457 [2796016] [app] [INFO ] [engine.hot-reload] reloaded active scene in debug mode: id=intro-difficulty-select
2026-03-21 05:48:36.987 [2796016] [app] [INFO ] [engine.hot-reload] reloaded active scene in debug mode: id=intro-difficulty-select
2026-03-21 05:48:47.880 [2796016] [app] [INFO ] [engine.hot-reload] reloaded active scene in debug mode: id=intro-difficulty-select
2026-03-21 05:48:52.017 [2796016] [app] [INFO ] [engine.hot-reload] reloaded active scene in debug mode: id=intro-difficulty-select
2026-03-21 05:48:57.655 [2796016] [app] [INFO ] [engine.hot-reload] reloaded active scene in debug mode: id=intro-difficulty-select
2026-03-21 05:48:59.549 [2796016] [app] [INFO ] [engine.hot-reload] reloaded active scene in debug mode: id=intro-difficulty-select
2026-03-21 05:49:04.824 [2796016] [app] [INFO ] [engine.hot-reload] reloaded active scene in debug mode: id=intro-difficulty-select
2026-03-21 05:49:26.925 [2796016] [app] [WARN ] [engine.hot-reload] detected scene change but could not reload active scene id=intro-difficulty-select: failed to read mod manifest from mods/shell-quest/scenes/intro-difficulty-select.yml: No such file or directory (os error 2)
2026-03-21 05:49:30.327 [2796016] [app] [INFO ] [engine.hot-reload] reloaded active scene in debug mode: id=intro-difficulty-select
2026-03-21 05:49:36.293 [2796016] [app] [INFO ] [engine.hot-reload] reloaded active scene in debug mode: id=intro-difficulty-select
2026-03-21 05:49:45.509 [2796016] [app] [WARN ] [engine.hot-reload] detected scene change but could not reload active scene id=intro-difficulty-select: failed to read mod manifest from mods/shell-quest/scenes/intro-difficulty-select.yml: No such file or directory (os error 2)
2026-03-21 05:49:49.771 [2796016] [app] [INFO ] [engine.hot-reload] reloaded active scene in debug mode: id=intro-difficulty-select
2026-03-21 05:50:07.860 [2796016] [app] [INFO ] [engine.hot-reload] reloaded active scene in debug mode: id=intro-difficulty-select
2026-03-21 05:50:11.178 [2796016] [app] [INFO ] [engine.hot-reload] reloaded active scene in debug mode: id=intro-difficulty-select
2026-03-21 05:50:15.316 [2796016] [app] [INFO ] [engine.hot-reload] reloaded active scene in debug mode: id=intro-difficulty-select
2026-03-21 05:50:17.890 [2796016] [app] [WARN ] [engine.hot-reload] detected scene change but could not reload active scene id=intro-difficulty-select: failed to read mod manifest from mods/shell-quest/scenes/intro-difficulty-select.yml: No such file or directory (os error 2)
2026-03-21 05:50:19.363 [2796016] [app] [INFO ] [engine.hot-reload] reloaded active scene in debug mode: id=intro-difficulty-select
2026-03-21 05:50:26.169 [2796016] [app] [INFO ] [engine.hot-reload] reloaded active scene in debug mode: id=intro-difficulty-select
2026-03-21 05:50:31.867 [2796016] [app] [INFO ] [engine.hot-reload] reloaded active scene in debug mode: id=intro-difficulty-select
2026-03-21 05:50:37.557 [2796016] [app] [INFO ] [engine.hot-reload] reloaded active scene in debug mode: id=intro-difficulty-select
2026-03-21 05:50:44.157 [2796016] [app] [INFO ] [engine.hot-reload] reloaded active scene in debug mode: id=intro-difficulty-select
2026-03-21 05:50:46.286 [2796016] [app] [INFO ] [engine.hot-reload] reloaded active scene in debug mode: id=intro-difficulty-select
2026-03-21 05:50:51.259 [2796016] [app] [INFO ] [engine.hot-reload] reloaded active scene in debug mode: id=intro-difficulty-select
2026-03-21 05:50:54.592 [2796016] [app] [INFO ] [engine.hot-reload] reloaded active scene in debug mode: id=intro-difficulty-select
2026-03-21 05:50:57.925 [2796016] [app] [INFO ] [engine.hot-reload] reloaded active scene in debug mode: id=intro-difficulty-select
2026-03-21 05:51:00.594 [2796016] [app] [INFO ] [engine.hot-reload] reloaded active scene in debug mode: id=intro-difficulty-select
2026-03-21 05:51:11.435 [2796016] [app] [INFO ] [engine.hot-reload] reloaded active scene in debug mode: id=intro-difficulty-select
2026-03-21 05:51:13.969 [2796016] [app] [INFO ] [engine.hot-reload] reloaded active scene in debug mode: id=intro-difficulty-select
2026-03-21 05:51:22.659 [2796016] [app] [INFO ] [engine.hot-reload] reloaded active scene in debug mode: id=intro-difficulty-select
2026-03-21 05:51:30.114 [2796016] [app] [INFO ] [engine.hot-reload] reloaded active scene in debug mode: id=intro-difficulty-select
2026-03-21 05:51:34.134 [2796016] [app] [INFO ] [engine.hot-reload] reloaded active scene in debug mode: id=intro-difficulty-select
2026-03-21 05:51:41.830 [2796016] [app] [INFO ] [engine.hot-reload] reloaded active scene in debug mode: id=intro-difficulty-select
2026-03-21 05:51:44.810 [2796016] [app] [INFO ] [engine.hot-reload] reloaded active scene in debug mode: id=intro-difficulty-select
2026-03-21 05:51:59.211 [2796016] [app] [INFO ] [engine.hot-reload] reloaded active scene in debug mode: id=intro-difficulty-select
2026-03-21 05:52:02.050 [2796016] [app] [INFO ] [engine.hot-reload] reloaded active scene in debug mode: id=intro-difficulty-select
2026-03-21 05:52:03.125 [2796016] [app] [INFO ] [engine.hot-reload] reloaded active scene in debug mode: id=intro-difficulty-select
2026-03-21 05:52:10.884 [2796016] [app] [INFO ] [engine.hot-reload] reloaded active scene in debug mode: id=intro-difficulty-select
2026-03-21 05:52:13.815 [2796016] [app] [INFO ] [engine.hot-reload] reloaded active scene in debug mode: id=intro-difficulty-select
2026-03-21 05:52:17.606 [2796016] [app] [INFO ] [engine.hot-reload] reloaded active scene in debug mode: id=intro-difficulty-select
2026-03-21 05:52:22.875 [2796016] [app] [INFO ] [engine.hot-reload] reloaded active scene in debug mode: id=intro-difficulty-select
2026-03-21 05:52:29.110 [2796016] [app] [INFO ] [engine.hot-reload] reloaded active scene in debug mode: id=intro-difficulty-select
2026-03-21 05:52:48.353 [2796016] [app] [INFO ] [engine.hot-reload] reloaded active scene in debug mode: id=intro-difficulty-select
2026-03-21 05:52:55.814 [2796016] [app] [INFO ] [engine.hot-reload] reloaded active scene in debug mode: id=intro-difficulty-select
2026-03-21 05:52:58.020 [2796016] [app] [INFO ] [engine.hot-reload] reloaded active scene in debug mode: id=intro-difficulty-select
2026-03-21 05:52:59.900 [2796016] [app] [INFO ] [engine.hot-reload] reloaded active scene in debug mode: id=intro-difficulty-select
2026-03-21 05:53:05.569 [2796016] [app] [INFO ] [engine.hot-reload] reloaded active scene in debug mode: id=intro-difficulty-select
2026-03-21 05:53:11.475 [2796016] [app] [INFO ] [engine.hot-reload] reloaded active scene in debug mode: id=intro-difficulty-select
2026-03-21 05:53:22.088 [2796016] [app] [INFO ] [engine.hot-reload] reloaded active scene in debug mode: id=intro-difficulty-select
2026-03-21 05:53:29.838 [2796016] [app] [INFO ] [engine.hot-reload] reloaded active scene in debug mode: id=intro-difficulty-select
2026-03-21 05:53:42.735 [2796016] [app] [INFO ] [engine.hot-reload] reloaded active scene in debug mode: id=intro-difficulty-select
2026-03-21 05:53:46.536 [2796016] [app] [INFO ] [engine.hot-reload] reloaded active scene in debug mode: id=intro-difficulty-select
2026-03-21 05:53:56.066 [2796016] [app] [INFO ] [engine.hot-reload] reloaded active scene in debug mode: id=intro-difficulty-select
2026-03-21 05:54:00.693 [2796016] [app] [INFO ] [engine.hot-reload] reloaded active scene in debug mode: id=intro-difficulty-select
2026-03-21 05:54:20.559 [2796016] [app] [INFO ] [engine.hot-reload] reloaded active scene in debug mode: id=intro-difficulty-select
2026-03-21 05:54:23.045 [2796016] [app] [INFO ] [engine.hot-reload] reloaded active scene in debug mode: id=intro-difficulty-select
2026-03-21 05:54:38.398 [2796016] [app] [INFO ] [engine.hot-reload] reloaded active scene in debug mode: id=intro-difficulty-select
2026-03-21 05:54:41.243 [2796016] [app] [INFO ] [engine.hot-reload] reloaded active scene in debug mode: id=intro-difficulty-select
2026-03-21 05:54:54.145 [2796016] [app] [INFO ] [engine.hot-reload] reloaded active scene in debug mode: id=intro-difficulty-select
2026-03-21 05:55:03.795 [2796016] [app] [INFO ] [engine.hot-reload] reloaded active scene in debug mode: id=intro-difficulty-select
2026-03-21 05:55:11.314 [2796016] [app] [INFO ] [engine.hot-reload] reloaded active scene in debug mode: id=intro-difficulty-select
2026-03-21 05:57:51.026 [2796016] [app] [INFO ] [engine.hot-reload] reloaded active scene in debug mode: id=intro-difficulty-select
