2026-03-21 12:16:32.415 [2827749] [app] [INFO ] [logging.init] run logger initialized: file=logs/21-03-26/run-061/run.log run=61 day=logs/21-03-26
2026-03-21 12:16:32.415 [2827749] [app] [INFO ] [app.main] launcher init: run=61 log_file=logs/21-03-26/run-061/run.log
2026-03-21 12:16:32.415 [2827749] [app] [INFO ] [app.main] resolved mod_source=mods/shell-quest/
2026-03-21 12:16:32.415 [2827749] [app] [DEBUG] [app.main] engine config: dev=true sound_server=false sound_server_cmd=<default>
2026-03-21 12:16:32.415 [2827749] [app] [INFO ] [app.main] engine initialized: mod_source=mods/shell-quest/
2026-03-21 12:16:32.415 [2827749] [app] [INFO ] [engine.run] starting engine run: mod_source=mods/shell-quest/ entrypoint=/scenes/00-intro-logo/scene.yml dev=true sound_server=false
2026-03-21 12:16:33.255 [2827749] [app] [INFO ] [engine.scene] loaded entry scene: id=00.intro.logo title=00 Intro Logo
2026-03-21 12:16:45.453 [2827749] [app] [INFO ] [engine.scene] transition requested: to=01.intro.date
2026-03-21 12:16:45.455 [2827749] [app] [INFO ] [engine.scene] transition applied: active_scene=01.intro.date title=01 Intro Date
2026-03-21 12:16:54.322 [2827749] [app] [INFO ] [engine.scene] transition requested: to=02.intro.boot
2026-03-21 12:16:54.323 [2827749] [app] [INFO ] [engine.scene] transition applied: active_scene=02.intro.boot title=02 Intro Boot
2026-03-21 12:17:10.381 [2827749] [app] [INFO ] [engine.scene] transition requested: to=intro-lab-enter
2026-03-21 12:17:10.382 [2827749] [app] [INFO ] [engine.scene] transition applied: active_scene=intro-lab-enter title=Intro Lab Enter
2026-03-21 12:17:12.586 [2827749] [app] [INFO ] [engine.scene] transition requested: to=intro-difficulty-select
2026-03-21 12:17:12.595 [2827749] [app] [INFO ] [engine.scene] transition applied: active_scene=intro-difficulty-select title=Intro Difficulty Select
2026-03-21 12:17:16.004 [2827749] [app] [INFO ] [engine.scene] transition requested: to=intro-cpu-on
2026-03-21 12:17:16.009 [2827749] [app] [INFO ] [engine.scene] transition applied: active_scene=intro-cpu-on title=Intro CPU On
2026-03-21 12:18:02.839 [2827749] [app] [INFO ] [engine.scene] transition requested: to=intro-login
2026-03-21 12:18:02.842 [2827749] [app] [INFO ] [engine.scene] transition applied: active_scene=intro-login title=Intro Login
2026-03-21 12:19:33.935 [2827749] [app] [INFO ] [engine.hot-reload] reloaded active scene in debug mode: id=intro-login
2026-03-21 12:27:03.390 [2827749] [app] [INFO ] [engine.hot-reload] reloaded active scene in debug mode: id=intro-login
2026-03-21 12:27:03.759 [2827749] [app] [INFO ] [engine.hot-reload] reloaded active scene in debug mode: id=intro-login
2026-03-21 12:27:04.130 [2827749] [app] [INFO ] [engine.hot-reload] reloaded active scene in debug mode: id=intro-login
2026-03-21 12:32:01.039 [2827749] [app] [INFO ] [engine.hot-reload] reloaded active scene in debug mode: id=intro-login
