2026-03-21 12:23:53.612 [2828605] [app] [INFO ] [logging.init] run logger initialized: file=logs/21-03-26/run-062/run.log run=62 day=logs/21-03-26
2026-03-21 12:23:53.612 [2828605] [app] [INFO ] [app.main] launcher init: run=62 log_file=logs/21-03-26/run-062/run.log
2026-03-21 12:23:53.612 [2828605] [app] [INFO ] [app.main] resolved mod_source=mods/shell-quest/
2026-03-21 12:23:53.612 [2828605] [app] [DEBUG] [app.main] engine config: dev=true sound_server=false sound_server_cmd=<default>
2026-03-21 12:23:53.612 [2828605] [app] [INFO ] [app.main] engine initialized: mod_source=mods/shell-quest/
2026-03-21 12:23:53.612 [2828605] [app] [INFO ] [engine.run] starting engine run: mod_source=mods/shell-quest/ entrypoint=/scenes/00-intro-logo/scene.yml dev=true sound_server=false
2026-03-21 12:23:54.494 [2828605] [app] [INFO ] [engine.scene] loaded entry scene: id=00.intro.logo title=00 Intro Logo
2026-03-21 12:24:05.191 [2828605] [app] [INFO ] [engine.scene] transition requested: to=01.intro.date
2026-03-21 12:24:05.193 [2828605] [app] [INFO ] [engine.scene] transition applied: active_scene=01.intro.date title=01 Intro Date
2026-03-21 12:24:14.057 [2828605] [app] [INFO ] [engine.scene] transition requested: to=02.intro.boot
2026-03-21 12:24:14.058 [2828605] [app] [INFO ] [engine.scene] transition applied: active_scene=02.intro.boot title=02 Intro Boot
2026-03-21 12:24:23.512 [2828605] [app] [INFO ] [engine.scene] transition requested: to=intro-lab-enter
2026-03-21 12:24:23.513 [2828605] [app] [INFO ] [engine.scene] transition applied: active_scene=intro-lab-enter title=Intro Lab Enter
2026-03-21 12:24:23.802 [2828605] [app] [INFO ] [engine.scene] transition requested: to=intro-difficulty-select
2026-03-21 12:24:23.811 [2828605] [app] [INFO ] [engine.scene] transition applied: active_scene=intro-difficulty-select title=Intro Difficulty Select
2026-03-21 12:24:40.614 [2828605] [app] [INFO ] [engine.scene] transition requested: to=intro-cpu-on
2026-03-21 12:24:40.619 [2828605] [app] [INFO ] [engine.scene] transition applied: active_scene=intro-cpu-on title=Intro CPU On
2026-03-21 12:24:47.319 [2828605] [app] [INFO ] [engine.scene] transition requested: to=intro-login
2026-03-21 12:24:47.321 [2828605] [app] [INFO ] [engine.scene] transition applied: active_scene=intro-login title=Intro Login
2026-03-21 12:27:03.560 [2828605] [app] [INFO ] [engine.hot-reload] reloaded active scene in debug mode: id=intro-login
2026-03-21 12:27:03.936 [2828605] [app] [INFO ] [engine.hot-reload] reloaded active scene in debug mode: id=intro-login
2026-03-21 12:28:06.635 [2828605] [app] [INFO ] [engine.run] engine loop exited cleanly
2026-03-21 12:28:06.636 [2828605] [app] [INFO ] [app.main] engine run finished successfully
