2026-03-21 12:32:32.291 [2830133] [app] [INFO ] [logging.init] run logger initialized: file=logs/21-03-26/run-064/run.log run=64 day=logs/21-03-26
2026-03-21 12:32:32.292 [2830133] [app] [INFO ] [app.main] launcher init: run=64 log_file=logs/21-03-26/run-064/run.log
2026-03-21 12:32:32.292 [2830133] [app] [INFO ] [app.main] resolved mod_source=mods/shell-quest/
2026-03-21 12:32:32.292 [2830133] [app] [DEBUG] [app.main] engine config: dev=true sound_server=false sound_server_cmd=<default>
2026-03-21 12:32:32.292 [2830133] [app] [INFO ] [app.main] engine initialized: mod_source=mods/shell-quest/
2026-03-21 12:32:32.292 [2830133] [app] [INFO ] [engine.run] starting engine run: mod_source=mods/shell-quest/ entrypoint=/scenes/00-intro-logo/scene.yml dev=true sound_server=false
2026-03-21 12:32:33.122 [2830133] [app] [INFO ] [engine.scene] loaded entry scene: id=00.intro.logo title=00 Intro Logo
2026-03-21 12:32:40.597 [2830133] [app] [INFO ] [engine.scene] transition requested: to=01.intro.date
2026-03-21 12:32:40.598 [2830133] [app] [INFO ] [engine.scene] transition applied: active_scene=01.intro.date title=01 Intro Date
2026-03-21 12:32:47.920 [2830133] [app] [INFO ] [engine.scene] transition requested: to=02.intro.boot
2026-03-21 12:32:47.922 [2830133] [app] [INFO ] [engine.scene] transition applied: active_scene=02.intro.boot title=02 Intro Boot
2026-03-21 12:32:50.024 [2830133] [app] [INFO ] [engine.scene] transition requested: to=intro-lab-enter
2026-03-21 12:32:50.025 [2830133] [app] [INFO ] [engine.scene] transition applied: active_scene=intro-lab-enter title=Intro Lab Enter
2026-03-21 12:32:50.313 [2830133] [app] [INFO ] [engine.scene] transition requested: to=intro-difficulty-select
2026-03-21 12:32:50.322 [2830133] [app] [INFO ] [engine.scene] transition applied: active_scene=intro-difficulty-select title=Intro Difficulty Select
2026-03-21 12:32:51.394 [2830133] [app] [INFO ] [engine.scene] transition requested: to=intro-cpu-on
2026-03-21 12:32:51.398 [2830133] [app] [INFO ] [engine.scene] transition applied: active_scene=intro-cpu-on title=Intro CPU On
2026-03-21 12:33:16.253 [2830133] [app] [INFO ] [engine.scene] transition requested: to=intro-login
2026-03-21 12:33:16.255 [2830133] [app] [INFO ] [engine.scene] transition applied: active_scene=intro-login title=Intro Login
2026-03-21 12:36:09.852 [2830133] [app] [INFO ] [engine.run] engine loop exited cleanly
2026-03-21 12:36:09.852 [2830133] [app] [INFO ] [app.main] engine run finished successfully
