2026-03-21 05:57:50.984 [2802537] [app] [INFO ] [logging.init] run logger initialized: file=logs/21-03-26/run-050/run.log run=50 day=logs/21-03-26
2026-03-21 05:57:50.984 [2802537] [app] [INFO ] [app.main] launcher init: run=50 log_file=logs/21-03-26/run-050/run.log
2026-03-21 05:57:50.984 [2802537] [app] [INFO ] [app.main] resolved mod_source=mods/shell-quest/
2026-03-21 05:57:50.984 [2802537] [app] [DEBUG] [app.main] engine config: dev=true sound_server=false sound_server_cmd=<default>
2026-03-21 05:57:50.984 [2802537] [app] [INFO ] [app.main] engine initialized: mod_source=mods/shell-quest/
2026-03-21 05:57:50.984 [2802537] [app] [INFO ] [engine.run] starting engine run: mod_source=mods/shell-quest/ entrypoint=/scenes/00-intro-logo/scene.yml dev=true sound_server=false
2026-03-21 05:57:51.926 [2802537] [app] [INFO ] [engine.scene] loaded entry scene: id=00.intro.logo title=00 Intro Logo
2026-03-21 05:58:06.326 [2802537] [app] [INFO ] [engine.scene] transition requested: to=01.intro.date
2026-03-21 05:58:06.328 [2802537] [app] [INFO ] [engine.scene] transition applied: active_scene=01.intro.date title=01 Intro Date
2026-03-21 05:58:15.189 [2802537] [app] [INFO ] [engine.scene] transition requested: to=02.intro.boot
2026-03-21 05:58:15.191 [2802537] [app] [INFO ] [engine.scene] transition applied: active_scene=02.intro.boot title=02 Intro Boot
2026-03-21 05:58:30.996 [2802537] [app] [INFO ] [engine.scene] transition requested: to=intro-lab-enter
2026-03-21 05:58:30.997 [2802537] [app] [INFO ] [engine.scene] transition applied: active_scene=intro-lab-enter title=Intro Lab Enter
2026-03-21 05:58:33.201 [2802537] [app] [INFO ] [engine.scene] transition requested: to=intro-difficulty-select
2026-03-21 05:58:33.210 [2802537] [app] [INFO ] [engine.scene] transition applied: active_scene=intro-difficulty-select title=Intro Difficulty Select
2026-03-21 06:00:26.036 [2802537] [app] [INFO ] [engine.hot-reload] reloaded active scene in debug mode: id=intro-difficulty-select
2026-03-21 06:02:12.739 [2802537] [app] [INFO ] [engine.hot-reload] reloaded active scene in debug mode: id=intro-difficulty-select
2026-03-21 06:03:21.588 [2802537] [app] [INFO ] [engine.hot-reload] reloaded active scene in debug mode: id=intro-difficulty-select
2026-03-21 06:08:45.547 [2802537] [app] [INFO ] [engine.hot-reload] reloaded active scene in debug mode: id=intro-difficulty-select
2026-03-21 06:12:43.237 [2802537] [app] [INFO ] [engine.hot-reload] reloaded active scene in debug mode: id=intro-difficulty-select
