2026-03-21 06:13:31.267 [2808808] [app] [INFO ] [logging.init] run logger initialized: file=logs/21-03-26/run-053/run.log run=53 day=logs/21-03-26
2026-03-21 06:13:31.267 [2808808] [app] [INFO ] [app.main] launcher init: run=53 log_file=logs/21-03-26/run-053/run.log
2026-03-21 06:13:31.267 [2808808] [app] [INFO ] [app.main] resolved mod_source=mods/shell-quest/
2026-03-21 06:13:31.267 [2808808] [app] [DEBUG] [app.main] engine config: dev=true sound_server=false sound_server_cmd=<default>
2026-03-21 06:13:31.267 [2808808] [app] [INFO ] [app.main] engine initialized: mod_source=mods/shell-quest/
2026-03-21 06:13:31.267 [2808808] [app] [INFO ] [engine.run] starting engine run: mod_source=mods/shell-quest/ entrypoint=/scenes/00-intro-logo/scene.yml dev=true sound_server=false
2026-03-21 06:13:32.125 [2808808] [app] [INFO ] [engine.scene] loaded entry scene: id=00.intro.logo title=00 Intro Logo
2026-03-21 06:13:46.211 [2808808] [app] [INFO ] [engine.scene] transition requested: to=01.intro.date
2026-03-21 06:13:46.213 [2808808] [app] [INFO ] [engine.scene] transition applied: active_scene=01.intro.date title=01 Intro Date
2026-03-21 06:13:55.076 [2808808] [app] [INFO ] [engine.scene] transition requested: to=02.intro.boot
2026-03-21 06:13:55.078 [2808808] [app] [INFO ] [engine.scene] transition applied: active_scene=02.intro.boot title=02 Intro Boot
2026-03-21 06:14:10.608 [2808808] [app] [INFO ] [engine.scene] transition requested: to=intro-lab-enter
2026-03-21 06:14:10.609 [2808808] [app] [INFO ] [engine.scene] transition applied: active_scene=intro-lab-enter title=Intro Lab Enter
2026-03-21 06:14:12.812 [2808808] [app] [INFO ] [engine.scene] transition requested: to=intro-difficulty-select
2026-03-21 06:14:12.824 [2808808] [app] [INFO ] [engine.scene] transition applied: active_scene=intro-difficulty-select title=Intro Difficulty Select
2026-03-21 06:14:42.280 [2808808] [app] [INFO ] [engine.scene] transition requested: to=intro-cpu-on
2026-03-21 06:14:42.285 [2808808] [app] [INFO ] [engine.scene] transition applied: active_scene=intro-cpu-on title=Intro CPU On
2026-03-21 06:15:34.297 [2808808] [app] [INFO ] [engine.hot-reload] reloaded active scene in debug mode: id=intro-cpu-on
2026-03-21 06:16:57.671 [2808808] [app] [INFO ] [engine.scene] transition requested: to=intro-login
2026-03-21 06:16:57.674 [2808808] [app] [INFO ] [engine.scene] transition applied: active_scene=intro-login title=Intro Login
