2026-03-21 12:01:51.428 [2825939] [app] [INFO ] [logging.init] run logger initialized: file=logs/21-03-26/run-059/run.log run=59 day=logs/21-03-26
2026-03-21 12:01:51.428 [2825939] [app] [INFO ] [app.main] launcher init: run=59 log_file=logs/21-03-26/run-059/run.log
2026-03-21 12:01:51.428 [2825939] [app] [INFO ] [app.main] resolved mod_source=mods/shell-quest/
2026-03-21 12:01:51.428 [2825939] [app] [DEBUG] [app.main] engine config: dev=true sound_server=false sound_server_cmd=<default>
2026-03-21 12:01:51.428 [2825939] [app] [INFO ] [app.main] engine initialized: mod_source=mods/shell-quest/
2026-03-21 12:01:51.428 [2825939] [app] [INFO ] [engine.run] starting engine run: mod_source=mods/shell-quest/ entrypoint=/scenes/00-intro-logo/scene.yml dev=true sound_server=false
2026-03-21 12:01:52.266 [2825939] [app] [INFO ] [engine.scene] loaded entry scene: id=00.intro.logo title=00 Intro Logo
2026-03-21 12:02:05.324 [2825939] [app] [INFO ] [engine.scene] transition requested: to=01.intro.date
2026-03-21 12:02:05.326 [2825939] [app] [INFO ] [engine.scene] transition applied: active_scene=01.intro.date title=01 Intro Date
2026-03-21 12:02:14.182 [2825939] [app] [INFO ] [engine.scene] transition requested: to=02.intro.boot
2026-03-21 12:02:14.184 [2825939] [app] [INFO ] [engine.scene] transition applied: active_scene=02.intro.boot title=02 Intro Boot
2026-03-21 12:02:18.097 [2825939] [app] [INFO ] [engine.scene] transition requested: to=intro-lab-enter
2026-03-21 12:02:18.098 [2825939] [app] [INFO ] [engine.scene] transition applied: active_scene=intro-lab-enter title=Intro Lab Enter
2026-03-21 12:02:20.303 [2825939] [app] [INFO ] [engine.scene] transition requested: to=intro-difficulty-select
2026-03-21 12:02:20.312 [2825939] [app] [INFO ] [engine.scene] transition applied: active_scene=intro-difficulty-select title=Intro Difficulty Select
2026-03-21 12:03:13.659 [2825939] [app] [INFO ] [engine.scene] transition requested: to=intro-cpu-on
2026-03-21 12:03:13.664 [2825939] [app] [INFO ] [engine.scene] transition applied: active_scene=intro-cpu-on title=Intro CPU On
2026-03-21 12:03:28.294 [2825939] [app] [INFO ] [engine.scene] transition requested: to=intro-login
2026-03-21 12:03:28.297 [2825939] [app] [INFO ] [engine.scene] transition applied: active_scene=intro-login title=Intro Login
2026-03-21 12:10:58.798 [2825939] [app] [INFO ] [engine.run] engine loop exited cleanly
2026-03-21 12:10:58.798 [2825939] [app] [INFO ] [app.main] engine run finished successfully
