2026-03-21 05:30:45.507 [2795869] [app] [INFO ] [logging.init] run logger initialized: file=logs/21-03-26/run-047/run.log run=47 day=logs/21-03-26
2026-03-21 05:30:45.507 [2795869] [app] [INFO ] [app.main] launcher init: run=47 log_file=logs/21-03-26/run-047/run.log
2026-03-21 05:30:45.507 [2795869] [app] [INFO ] [app.main] resolved mod_source=mods/shell-quest/
2026-03-21 05:30:45.507 [2795869] [app] [DEBUG] [app.main] engine config: dev=true sound_server=false sound_server_cmd=<default>
2026-03-21 05:30:45.507 [2795869] [app] [INFO ] [app.main] engine initialized: mod_source=mods/shell-quest/
2026-03-21 05:30:45.507 [2795869] [app] [INFO ] [engine.run] starting engine run: mod_source=mods/shell-quest/ entrypoint=/scenes/00-intro-logo/scene.yml dev=true sound_server=false
2026-03-21 05:30:46.731 [2795869] [app] [INFO ] [engine.scene] loaded entry scene: id=00.intro.logo title=00 Intro Logo
2026-03-21 05:31:01.279 [2795869] [app] [INFO ] [engine.scene] transition requested: to=01.intro.date
2026-03-21 05:31:01.281 [2795869] [app] [INFO ] [engine.scene] transition applied: active_scene=01.intro.date title=01 Intro Date
2026-03-21 05:31:10.139 [2795869] [app] [INFO ] [engine.scene] transition requested: to=02.intro.boot
2026-03-21 05:31:10.141 [2795869] [app] [INFO ] [engine.scene] transition applied: active_scene=02.intro.boot title=02 Intro Boot
2026-03-21 05:31:27.544 [2795869] [app] [INFO ] [engine.scene] transition requested: to=intro-lab-enter
2026-03-21 05:31:27.546 [2795869] [app] [INFO ] [engine.scene] transition applied: active_scene=intro-lab-enter title=Intro Lab Enter
2026-03-21 05:31:29.747 [2795869] [app] [INFO ] [engine.scene] transition requested: to=intro-difficulty-select
2026-03-21 05:31:29.763 [2795869] [app] [INFO ] [engine.scene] transition applied: active_scene=intro-difficulty-select title=Intro Difficulty Select
2026-03-21 05:32:01.040 [2795869] [app] [INFO ] [engine.hot-reload] reloaded active scene in debug mode: id=intro-difficulty-select
2026-03-21 05:32:50.600 [2795869] [app] [INFO ] [engine.hot-reload] reloaded active scene in debug mode: id=intro-difficulty-select
2026-03-21 05:33:32.717 [2795869] [app] [INFO ] [engine.hot-reload] reloaded active scene in debug mode: id=intro-difficulty-select
2026-03-21 05:34:49.142 [2795869] [app] [INFO ] [engine.hot-reload] reloaded active scene in debug mode: id=intro-difficulty-select
2026-03-21 05:35:15.557 [2795869] [app] [INFO ] [engine.scene] transition requested: to=intro-cpu-on
2026-03-21 05:35:15.562 [2795869] [app] [INFO ] [engine.scene] transition applied: active_scene=intro-cpu-on title=Intro CPU On
