2026-03-21 05:16:21.179 [2793122] [app] [INFO ] [logging.init] run logger initialized: file=logs/21-03-26/run-043/run.log run=43 day=logs/21-03-26
2026-03-21 05:16:21.179 [2793122] [app] [INFO ] [app.main] launcher init: run=43 log_file=logs/21-03-26/run-043/run.log
2026-03-21 05:16:21.179 [2793122] [app] [INFO ] [app.main] resolved mod_source=mods/shell-quest/
2026-03-21 05:16:21.179 [2793122] [app] [DEBUG] [app.main] engine config: dev=true sound_server=false sound_server_cmd=<default>
2026-03-21 05:16:21.179 [2793122] [app] [INFO ] [app.main] engine initialized: mod_source=mods/shell-quest/
2026-03-21 05:16:21.179 [2793122] [app] [INFO ] [engine.run] starting engine run: mod_source=mods/shell-quest/ entrypoint=/scenes/00-intro-logo/scene.yml dev=true sound_server=false
2026-03-21 05:16:22.038 [2793122] [app] [INFO ] [engine.scene] loaded entry scene: id=00.intro.logo title=00 Intro Logo
2026-03-21 05:16:34.380 [2793122] [app] [INFO ] [engine.scene] transition requested: to=01.intro.date
2026-03-21 05:16:34.381 [2793122] [app] [INFO ] [engine.scene] transition applied: active_scene=01.intro.date title=01 Intro Date
2026-03-21 05:16:40.657 [2793122] [app] [INFO ] [engine.scene] transition requested: to=02.intro.boot
2026-03-21 05:16:40.659 [2793122] [app] [INFO ] [engine.scene] transition applied: active_scene=02.intro.boot title=02 Intro Boot
2026-03-21 05:16:42.862 [2793122] [app] [INFO ] [engine.scene] transition requested: to=intro-lab-enter
2026-03-21 05:16:42.863 [2793122] [app] [INFO ] [engine.scene] transition applied: active_scene=intro-lab-enter title=Intro Lab Enter
2026-03-21 05:16:43.151 [2793122] [app] [INFO ] [engine.scene] transition requested: to=intro-difficulty-select
2026-03-21 05:16:43.161 [2793122] [app] [INFO ] [engine.scene] transition applied: active_scene=intro-difficulty-select title=Intro Difficulty Select
2026-03-21 05:16:49.905 [2793122] [app] [INFO ] [engine.scene] transition requested: to=intro-cpu-on
2026-03-21 05:16:49.911 [2793122] [app] [INFO ] [engine.scene] transition applied: active_scene=intro-cpu-on title=Intro CPU On
2026-03-21 05:17:00.428 [2793122] [app] [INFO ] [engine.scene] transition requested: to=intro-login
2026-03-21 05:17:00.430 [2793122] [app] [INFO ] [engine.scene] transition applied: active_scene=intro-login title=Intro Login
2026-03-21 05:17:56.041 [2793122] [app] [INFO ] [engine.hot-reload] reloaded active scene in debug mode: id=intro-login
2026-03-21 05:18:22.967 [2793122] [app] [INFO ] [engine.hot-reload] reloaded active scene in debug mode: id=intro-login
2026-03-21 05:18:26.105 [2793122] [app] [INFO ] [engine.hot-reload] reloaded active scene in debug mode: id=intro-login
2026-03-21 05:18:28.875 [2793122] [app] [INFO ] [engine.hot-reload] reloaded active scene in debug mode: id=intro-login
2026-03-21 05:18:30.800 [2793122] [app] [INFO ] [engine.hot-reload] reloaded active scene in debug mode: id=intro-login
2026-03-21 05:18:32.385 [2793122] [app] [INFO ] [engine.hot-reload] reloaded active scene in debug mode: id=intro-login
2026-03-21 05:18:39.499 [2793122] [app] [INFO ] [engine.hot-reload] reloaded active scene in debug mode: id=intro-login
2026-03-21 05:18:43.381 [2793122] [app] [INFO ] [engine.hot-reload] reloaded active scene in debug mode: id=intro-login
2026-03-21 05:18:53.859 [2793122] [app] [INFO ] [engine.hot-reload] reloaded active scene in debug mode: id=intro-login
2026-03-21 05:18:59.229 [2793122] [app] [INFO ] [engine.hot-reload] reloaded active scene in debug mode: id=intro-login
2026-03-21 05:19:02.324 [2793122] [app] [INFO ] [engine.hot-reload] reloaded active scene in debug mode: id=intro-login
2026-03-21 05:19:07.748 [2793122] [app] [INFO ] [engine.hot-reload] reloaded active scene in debug mode: id=intro-login
2026-03-21 05:19:15.181 [2793122] [app] [INFO ] [engine.hot-reload] reloaded active scene in debug mode: id=intro-login
2026-03-21 05:19:23.365 [2793122] [app] [INFO ] [engine.hot-reload] reloaded active scene in debug mode: id=intro-login
2026-03-21 05:19:28.832 [2793122] [app] [INFO ] [engine.hot-reload] reloaded active scene in debug mode: id=intro-login
2026-03-21 05:19:35.860 [2793122] [app] [INFO ] [engine.hot-reload] reloaded active scene in debug mode: id=intro-login
2026-03-21 05:19:39.714 [2793122] [app] [INFO ] [engine.hot-reload] reloaded active scene in debug mode: id=intro-login
2026-03-21 05:19:48.731 [2793122] [app] [INFO ] [engine.hot-reload] reloaded active scene in debug mode: id=intro-login
2026-03-21 05:19:51.063 [2793122] [app] [INFO ] [engine.hot-reload] reloaded active scene in debug mode: id=intro-login
2026-03-21 05:19:53.408 [2793122] [app] [INFO ] [engine.hot-reload] reloaded active scene in debug mode: id=intro-login
2026-03-21 05:19:57.684 [2793122] [app] [INFO ] [engine.hot-reload] reloaded active scene in debug mode: id=intro-login
2026-03-21 05:20:00.804 [2793122] [app] [INFO ] [engine.hot-reload] reloaded active scene in debug mode: id=intro-login
2026-03-21 05:20:03.902 [2793122] [app] [INFO ] [engine.hot-reload] reloaded active scene in debug mode: id=intro-login
2026-03-21 05:20:18.191 [2793122] [app] [INFO ] [engine.hot-reload] reloaded active scene in debug mode: id=intro-login
2026-03-21 05:20:22.426 [2793122] [app] [INFO ] [engine.hot-reload] reloaded active scene in debug mode: id=intro-login
2026-03-21 05:20:49.039 [2793122] [app] [INFO ] [engine.hot-reload] reloaded active scene in debug mode: id=intro-login
2026-03-21 05:20:55.287 [2793122] [app] [INFO ] [engine.hot-reload] reloaded active scene in debug mode: id=intro-login
2026-03-21 05:20:57.615 [2793122] [app] [INFO ] [engine.hot-reload] reloaded active scene in debug mode: id=intro-login
2026-03-21 05:21:01.487 [2793122] [app] [INFO ] [engine.hot-reload] reloaded active scene in debug mode: id=intro-login
2026-03-21 05:21:04.550 [2793122] [app] [INFO ] [engine.hot-reload] reloaded active scene in debug mode: id=intro-login
2026-03-21 05:21:08.035 [2793122] [app] [INFO ] [engine.hot-reload] reloaded active scene in debug mode: id=intro-login
2026-03-21 05:21:15.411 [2793122] [app] [INFO ] [engine.hot-reload] reloaded active scene in debug mode: id=intro-login
2026-03-21 05:21:18.132 [2793122] [app] [INFO ] [engine.hot-reload] reloaded active scene in debug mode: id=intro-login
2026-03-21 05:21:25.555 [2793122] [app] [INFO ] [engine.hot-reload] reloaded active scene in debug mode: id=intro-login
2026-03-21 05:21:27.479 [2793122] [app] [INFO ] [engine.hot-reload] reloaded active scene in debug mode: id=intro-login
2026-03-21 05:21:30.520 [2793122] [app] [INFO ] [engine.hot-reload] reloaded active scene in debug mode: id=intro-login
2026-03-21 05:21:32.072 [2793122] [app] [INFO ] [engine.hot-reload] reloaded active scene in debug mode: id=intro-login
