2026-03-21 00:36:51.438 [2697787] [editor] [INFO ] [logging.init] run logger initialized: file=logs/21-03-26/run-011/run.log run=11 day=logs/21-03-26
2026-03-21 00:36:51.438 [2697787] [editor] [INFO ] [editor.main] run logger initialized: run=11 file=logs/21-03-26/run-011/run.log
2026-03-21 00:36:51.438 [2697787] [editor] [INFO ] [editor.main] editor startup: mod_source=mods/shell-quest
2026-03-21 00:36:51.438 [2697787] [editor] [INFO ] [editor.app] starting editor loop: launch_mod_source=mods/shell-quest
2026-03-21 00:36:51.439 [2697787] [editor] [DEBUG] [editor.app] recent projects loaded: 2
2026-03-21 00:36:53.664 [2697787] [editor] [DEBUG] [editor.command] dispatch: mode=Start sidebar=Explorer focus=ProjectTree cmd=Down
2026-03-21 00:36:54.875 [2697787] [editor] [DEBUG] [editor.command] dispatch: mode=Start sidebar=Explorer focus=ProjectTree cmd=Up
2026-03-21 00:37:00.506 [2697787] [editor] [DEBUG] [editor.command] dispatch: mode=Start sidebar=Explorer focus=ProjectTree cmd=Down
2026-03-21 00:37:01.848 [2697787] [editor] [DEBUG] [editor.command] dispatch: mode=Start sidebar=Explorer focus=ProjectTree cmd=Up
2026-03-21 00:37:05.598 [2697787] [editor] [DEBUG] [editor.command] dispatch: mode=Start sidebar=Explorer focus=ProjectTree cmd=Enter
2026-03-21 00:37:05.598 [2697787] [editor] [INFO ] [editor.project] open requested: path=/home/ppotepa/git/shell-quest/mods/shell-quest
2026-03-21 00:37:05.623 [2697787] [editor] [INFO ] [editor.project] opened: path=/home/ppotepa/git/shell-quest/mods/shell-quest scenes=8 images=10 fonts=4
2026-03-21 00:37:05.624 [2697787] [editor] [INFO ] [editor.state] mode changed: Start -> Browser
2026-03-21 00:37:06.231 [2697787] [editor] [DEBUG] [editor.command] dispatch: mode=Browser sidebar=Explorer focus=ProjectTree cmd=Down
2026-03-21 00:37:06.413 [2697787] [editor] [DEBUG] [editor.command] dispatch: mode=Browser sidebar=Explorer focus=ProjectTree cmd=Down
2026-03-21 00:37:06.588 [2697787] [editor] [DEBUG] [editor.command] dispatch: mode=Browser sidebar=Explorer focus=ProjectTree cmd=Down
2026-03-21 00:37:06.763 [2697787] [editor] [DEBUG] [editor.command] dispatch: mode=Browser sidebar=Explorer focus=ProjectTree cmd=Down
2026-03-21 00:37:06.931 [2697787] [editor] [DEBUG] [editor.command] dispatch: mode=Browser sidebar=Explorer focus=ProjectTree cmd=Down
2026-03-21 00:37:07.405 [2697787] [editor] [DEBUG] [editor.command] dispatch: mode=Browser sidebar=Explorer focus=ProjectTree cmd=Down
2026-03-21 00:37:09.308 [2697787] [editor] [DEBUG] [editor.command] dispatch: mode=Browser sidebar=Explorer focus=ProjectTree cmd=SelectPanel1
2026-03-21 00:37:09.337 [2697787] [editor] [INFO ] [editor.scenes] scenes browser active: scenes=8 mod=/home/ppotepa/git/shell-quest/mods/shell-quest
2026-03-21 00:37:09.337 [2697787] [editor] [INFO ] [editor.state] sidebar changed: Explorer -> Scenes
2026-03-21 00:37:09.831 [2697787] [editor] [DEBUG] [editor.command] dispatch: mode=Browser sidebar=Scenes focus=ProjectTree cmd=Down
2026-03-21 00:37:09.832 [2697787] [editor] [DEBUG] [editor.scenes] scene selection changed: index=1 name=01 Intro Date path=/home/ppotepa/git/shell-quest/mods/shell-quest/scenes/01-intro-date/scene.yml
2026-03-21 00:37:10.009 [2697787] [editor] [DEBUG] [editor.command] dispatch: mode=Browser sidebar=Scenes focus=ProjectTree cmd=Down
2026-03-21 00:37:10.010 [2697787] [editor] [DEBUG] [editor.scenes] scene selection changed: index=2 name=02 Intro Boot path=/home/ppotepa/git/shell-quest/mods/shell-quest/scenes/02-intro-boot/scene.yml
2026-03-21 00:37:10.660 [2697787] [editor] [DEBUG] [editor.command] dispatch: mode=Browser sidebar=Scenes focus=ProjectTree cmd=Down
2026-03-21 00:37:10.661 [2697787] [editor] [DEBUG] [editor.scenes] scene selection changed: index=3 name=Intro Lab Enter path=/home/ppotepa/git/shell-quest/mods/shell-quest/scenes/03-intro-lab-enter/scene.yml
2026-03-21 00:37:11.128 [2697787] [editor] [DEBUG] [editor.command] dispatch: mode=Browser sidebar=Scenes focus=ProjectTree cmd=Down
2026-03-21 00:37:11.133 [2697787] [editor] [DEBUG] [editor.scenes] scene selection changed: index=4 name=Intro Difficulty Select path=/home/ppotepa/git/shell-quest/mods/shell-quest/scenes/04-difficulty-select/scene.yml
2026-03-21 00:37:14.431 [2697787] [editor] [DEBUG] [editor.command] dispatch: mode=Browser sidebar=Scenes focus=ProjectTree cmd=TogglePreview
2026-03-21 00:37:14.431 [2697787] [editor] [INFO ] [editor.scene-run] start requested: kind=Soft mod=/home/ppotepa/git/shell-quest/mods/shell-quest cursor=4
2026-03-21 00:37:14.475 [2697787] [editor] [INFO ] [editor.scene-run] started: kind=Soft scene=Intro Difficulty Select path=/scenes/04-difficulty-select/scene.yml mod=/home/ppotepa/git/shell-quest/mods/shell-quest
2026-03-21 00:37:14.475 [2697787] [editor] [INFO ] [editor.state] mode changed: Browser -> SceneRun
2026-03-21 00:42:08.922 [2697787] [editor] [DEBUG] [editor.command] dispatch: mode=SceneRun sidebar=Scenes focus=ProjectTree cmd=Back
2026-03-21 00:42:08.923 [2697787] [editor] [INFO ] [editor.scene-run] stopping run: kind=Soft scene=Intro Difficulty Select path=/scenes/04-difficulty-select/scene.yml
2026-03-21 00:42:08.923 [2697787] [editor] [INFO ] [editor.state] mode changed: SceneRun -> Browser
2026-03-21 00:42:10.154 [2697787] [editor] [DEBUG] [editor.command] dispatch: mode=Browser sidebar=Scenes focus=ProjectTree cmd=Down
2026-03-21 00:42:10.157 [2697787] [editor] [DEBUG] [editor.scenes] scene selection changed: index=5 name=Intro CPU On path=/home/ppotepa/git/shell-quest/mods/shell-quest/scenes/05-intro-cpu-on/scene.yml
2026-03-21 00:42:15.213 [2697787] [editor] [DEBUG] [editor.command] dispatch: mode=Browser sidebar=Scenes focus=ProjectTree cmd=EnterFile
2026-03-21 00:42:16.870 [2697787] [editor] [DEBUG] [editor.command] dispatch: mode=Browser sidebar=Scenes focus=ProjectTree cmd=TogglePreview
2026-03-21 00:42:16.870 [2697787] [editor] [INFO ] [editor.scene-run] start requested: kind=Soft mod=/home/ppotepa/git/shell-quest/mods/shell-quest cursor=5
2026-03-21 00:42:16.877 [2697787] [editor] [INFO ] [editor.scene-run] started: kind=Soft scene=Intro CPU On path=/scenes/05-intro-cpu-on/scene.yml mod=/home/ppotepa/git/shell-quest/mods/shell-quest
2026-03-21 00:42:16.877 [2697787] [editor] [INFO ] [editor.state] mode changed: Browser -> SceneRun
2026-03-21 00:42:26.500 [2697787] [editor] [DEBUG] [editor.command] dispatch: mode=SceneRun sidebar=Scenes focus=ProjectTree cmd=Back
2026-03-21 00:42:26.500 [2697787] [editor] [INFO ] [editor.scene-run] stopping run: kind=Soft scene=Intro CPU On path=/scenes/05-intro-cpu-on/scene.yml
2026-03-21 00:42:26.500 [2697787] [editor] [INFO ] [editor.state] mode changed: SceneRun -> Browser
2026-03-21 00:45:19.092 [2697787] [editor] [DEBUG] [editor.command] dispatch: mode=Browser sidebar=Scenes focus=ProjectTree cmd=Back
2026-03-21 00:56:14.682 [2697787] [editor] [DEBUG] [editor.command] dispatch: mode=Browser sidebar=Scenes focus=ProjectTree cmd=Down
2026-03-21 00:56:14.684 [2697787] [editor] [DEBUG] [editor.scenes] scene selection changed: index=6 name=Intro Login path=/home/ppotepa/git/shell-quest/mods/shell-quest/scenes/06-intro-login/scene.yml
2026-03-21 00:56:15.906 [2697787] [editor] [DEBUG] [editor.command] dispatch: mode=Browser sidebar=Scenes focus=ProjectTree cmd=Down
2026-03-21 00:56:15.908 [2697787] [editor] [DEBUG] [editor.scenes] scene selection changed: index=7 name=Main Menu path=/home/ppotepa/git/shell-quest/mods/shell-quest/scenes/mainmenu/scene.yml
2026-03-21 00:56:16.735 [2697787] [editor] [DEBUG] [editor.command] dispatch: mode=Browser sidebar=Scenes focus=ProjectTree cmd=Up
2026-03-21 00:56:16.737 [2697787] [editor] [DEBUG] [editor.scenes] scene selection changed: index=6 name=Intro Login path=/home/ppotepa/git/shell-quest/mods/shell-quest/scenes/06-intro-login/scene.yml
2026-03-21 00:56:17.105 [2697787] [editor] [DEBUG] [editor.command] dispatch: mode=Browser sidebar=Scenes focus=ProjectTree cmd=Down
2026-03-21 00:56:17.107 [2697787] [editor] [DEBUG] [editor.scenes] scene selection changed: index=7 name=Main Menu path=/home/ppotepa/git/shell-quest/mods/shell-quest/scenes/mainmenu/scene.yml
2026-03-21 00:56:17.288 [2697787] [editor] [DEBUG] [editor.command] dispatch: mode=Browser sidebar=Scenes focus=ProjectTree cmd=Down
2026-03-21 00:56:17.290 [2697787] [editor] [DEBUG] [editor.scenes] scene selection changed: index=7 name=Main Menu path=/home/ppotepa/git/shell-quest/mods/shell-quest/scenes/mainmenu/scene.yml
2026-03-21 00:56:17.324 [2697787] [editor] [DEBUG] [editor.command] dispatch: mode=Browser sidebar=Scenes focus=ProjectTree cmd=Down
2026-03-21 00:56:17.326 [2697787] [editor] [DEBUG] [editor.scenes] scene selection changed: index=7 name=Main Menu path=/home/ppotepa/git/shell-quest/mods/shell-quest/scenes/mainmenu/scene.yml
2026-03-21 00:56:18.103 [2697787] [editor] [DEBUG] [editor.command] dispatch: mode=Browser sidebar=Scenes focus=ProjectTree cmd=Up
2026-03-21 00:56:18.105 [2697787] [editor] [DEBUG] [editor.scenes] scene selection changed: index=6 name=Intro Login path=/home/ppotepa/git/shell-quest/mods/shell-quest/scenes/06-intro-login/scene.yml
2026-03-21 00:56:18.368 [2697787] [editor] [DEBUG] [editor.command] dispatch: mode=Browser sidebar=Scenes focus=ProjectTree cmd=Up
2026-03-21 00:56:18.371 [2697787] [editor] [DEBUG] [editor.scenes] scene selection changed: index=5 name=Intro CPU On path=/home/ppotepa/git/shell-quest/mods/shell-quest/scenes/05-intro-cpu-on/scene.yml
2026-03-21 01:07:40.489 [2697787] [editor] [DEBUG] [editor.command] dispatch: mode=Browser sidebar=Scenes focus=ProjectTree cmd=Down
2026-03-21 01:07:40.491 [2697787] [editor] [DEBUG] [editor.scenes] scene selection changed: index=6 name=Intro Login path=/home/ppotepa/git/shell-quest/mods/shell-quest/scenes/06-intro-login/scene.yml
2026-03-21 01:07:40.659 [2697787] [editor] [DEBUG] [editor.command] dispatch: mode=Browser sidebar=Scenes focus=ProjectTree cmd=Down
2026-03-21 01:07:40.661 [2697787] [editor] [DEBUG] [editor.scenes] scene selection changed: index=7 name=Main Menu path=/home/ppotepa/git/shell-quest/mods/shell-quest/scenes/mainmenu/scene.yml
2026-03-21 01:07:42.642 [2697787] [editor] [DEBUG] [editor.command] dispatch: mode=Browser sidebar=Scenes focus=ProjectTree cmd=Up
2026-03-21 01:07:42.644 [2697787] [editor] [DEBUG] [editor.scenes] scene selection changed: index=6 name=Intro Login path=/home/ppotepa/git/shell-quest/mods/shell-quest/scenes/06-intro-login/scene.yml
2026-03-21 01:07:43.902 [2697787] [editor] [DEBUG] [editor.command] dispatch: mode=Browser sidebar=Scenes focus=ProjectTree cmd=Down
2026-03-21 01:07:43.904 [2697787] [editor] [DEBUG] [editor.scenes] scene selection changed: index=7 name=Main Menu path=/home/ppotepa/git/shell-quest/mods/shell-quest/scenes/mainmenu/scene.yml
2026-03-21 01:21:14.499 [2697787] [editor] [DEBUG] [editor.command] dispatch: mode=Browser sidebar=Scenes focus=ProjectTree cmd=Up
2026-03-21 01:21:14.501 [2697787] [editor] [DEBUG] [editor.scenes] scene selection changed: index=6 name=Intro Login path=/home/ppotepa/git/shell-quest/mods/shell-quest/scenes/06-intro-login/scene.yml
2026-03-21 01:21:15.758 [2697787] [editor] [DEBUG] [editor.command] dispatch: mode=Browser sidebar=Scenes focus=ProjectTree cmd=Up
2026-03-21 01:21:15.763 [2697787] [editor] [DEBUG] [editor.scenes] scene selection changed: index=5 name=Intro CPU On path=/home/ppotepa/git/shell-quest/mods/shell-quest/scenes/05-intro-cpu-on/scene.yml
2026-03-21 01:21:16.654 [2697787] [editor] [DEBUG] [editor.command] dispatch: mode=Browser sidebar=Scenes focus=ProjectTree cmd=Up
2026-03-21 01:21:16.659 [2697787] [editor] [DEBUG] [editor.scenes] scene selection changed: index=4 name=Intro Difficulty Select path=/home/ppotepa/git/shell-quest/mods/shell-quest/scenes/04-difficulty-select/scene.yml
2026-03-21 01:21:20.429 [2697787] [editor] [DEBUG] [editor.command] dispatch: mode=Browser sidebar=Scenes focus=ProjectTree cmd=Down
2026-03-21 01:21:20.433 [2697787] [editor] [DEBUG] [editor.scenes] scene selection changed: index=5 name=Intro CPU On path=/home/ppotepa/git/shell-quest/mods/shell-quest/scenes/05-intro-cpu-on/scene.yml
2026-03-21 01:21:21.078 [2697787] [editor] [DEBUG] [editor.command] dispatch: mode=Browser sidebar=Scenes focus=ProjectTree cmd=Up
2026-03-21 01:21:21.083 [2697787] [editor] [DEBUG] [editor.scenes] scene selection changed: index=4 name=Intro Difficulty Select path=/home/ppotepa/git/shell-quest/mods/shell-quest/scenes/04-difficulty-select/scene.yml
2026-03-21 01:21:22.361 [2697787] [editor] [DEBUG] [editor.command] dispatch: mode=Browser sidebar=Scenes focus=ProjectTree cmd=NextPane
2026-03-21 01:21:22.361 [2697787] [editor] [DEBUG] [editor.state] focus changed: ProjectTree -> Browser
2026-03-21 01:21:22.951 [2697787] [editor] [DEBUG] [editor.command] dispatch: mode=Browser sidebar=Scenes focus=Browser cmd=Down
2026-03-21 01:21:24.708 [2697787] [editor] [DEBUG] [editor.command] dispatch: mode=Browser sidebar=Scenes focus=Browser cmd=TogglePreview
2026-03-21 01:21:24.708 [2697787] [editor] [INFO ] [editor.scene-run] start requested: kind=Soft mod=/home/ppotepa/git/shell-quest/mods/shell-quest cursor=4
2026-03-21 01:21:24.738 [2697787] [editor] [INFO ] [editor.scene-run] started: kind=Soft scene=Intro Difficulty Select path=/scenes/04-difficulty-select/scene.yml mod=/home/ppotepa/git/shell-quest/mods/shell-quest
2026-03-21 01:21:24.738 [2697787] [editor] [INFO ] [editor.state] mode changed: Browser -> SceneRun
2026-03-21 02:24:07.901 [2697787] [editor] [DEBUG] [editor.command] dispatch: mode=SceneRun sidebar=Scenes focus=Browser cmd=Back
2026-03-21 02:24:07.901 [2697787] [editor] [INFO ] [editor.scene-run] stopping run: kind=Soft scene=Intro Difficulty Select path=/scenes/04-difficulty-select/scene.yml
2026-03-21 02:24:07.901 [2697787] [editor] [INFO ] [editor.state] mode changed: SceneRun -> Browser
2026-03-21 02:24:08.077 [2697787] [editor] [DEBUG] [editor.command] dispatch: mode=Browser sidebar=Scenes focus=Browser cmd=Back
2026-03-21 03:30:18.706 [2697787] [editor] [DEBUG] [editor.command] dispatch: mode=Browser sidebar=Scenes focus=Browser cmd=EnterFile
